Starting a Gradle Daemon, 1 busy Daemon could not be reused, use --status for details
:compileJava UP-TO-DATE
:processResources UP-TO-DATE
:classes UP-TO-DATE
:compileTestJava UP-TO-DATE
:processTestResources UP-TO-DATE
:testClasses UP-TO-DATE
:test

ohtu.RunCukesTest STANDARD_OUT
    Feature: As a registered user can log in with valid username/password-combination

ohtu.RunCukesTest > Scenario: user can login with correct password.classMethod STANDARD_ERROR
    [Thread-4] INFO spark.webserver.SparkServer - == Spark has ignited ...
    [Thread-4] INFO spark.webserver.SparkServer - >> Listening on 0.0.0.0:4567
    [Thread-4] INFO org.eclipse.jetty.server.Server - jetty-9.0.2.v20130417
    [Thread-4] INFO org.eclipse.jetty.server.ServerConnector - Started ServerConnector@287e57d3{HTTP/1.1}{0.0.0.0:4567}

ohtu.RunCukesTest > Scenario: user can login with correct password.Given login is selected FAILED
    cucumber.runtime.CucumberException
        Caused by: java.lang.reflect.InvocationTargetException
            Caused by: java.lang.IllegalStateException

ohtu.RunCukesTest STANDARD_OUT
    [31mFailure in after hook:[0m[31mStepdefs.tearDown()[0m
    [31mMessage: [0m[31mcucumber.runtime.CucumberException: Failed to instantiate class ohtu.Stepdefs
    	at cucumber.runtime.java.DefaultJavaObjectFactory.cacheNewInstance(DefaultJavaObjectFactory.java:47)
    	at cucumber.runtime.java.DefaultJavaObjectFactory.getInstance(DefaultJavaObjectFactory.java:33)
    	at cucumber.runtime.java.JavaHookDefinition.execute(JavaHookDefinition.java:60)
    	at cucumber.runtime.Runtime.runHookIfTagsMatch(Runtime.java:224)
    	at cucumber.runtime.Runtime.runHooks(Runtime.java:212)
    	at cucumber.runtime.Runtime.runAfterHooks(Runtime.java:206)
    	at cucumber.runtime.model.CucumberScenario.run(CucumberScenario.java:46)
    	at cucumber.runtime.junit.ExecutionUnitRunner.run(ExecutionUnitRunner.java:102)
    	at cucumber.runtime.junit.FeatureRunner.runChild(FeatureRunner.java:63)
    	at cucumber.runtime.junit.FeatureRunner.runChild(FeatureRunner.java:18)
    	at org.junit.runners.ParentRunner$3.run(ParentRunner.java:290)
    	at org.junit.runners.ParentRunner$1.schedule(ParentRunner.java:71)
    	at org.junit.runners.ParentRunner.runChildren(ParentRunner.java:288)
    	at org.junit.runners.ParentRunner.access$000(ParentRunner.java:58)
    	at org.junit.runners.ParentRunner$2.evaluate(ParentRunner.java:268)
    	at org.junit.runners.ParentRunner.run(ParentRunner.java:363)
    	at cucumber.runtime.junit.FeatureRunner.run(FeatureRunner.java:70)
    	at cucumber.api.junit.Cucumber.runChild(Cucumber.java:95)
    	at cucumber.api.junit.Cucumber.runChild(Cucumber.java:38)
    	at org.junit.runners.ParentRunner$3.run(ParentRunner.java:290)
    	at org.junit.runners.ParentRunner$1.schedule(ParentRunner.java:71)
    	at org.junit.runners.ParentRunner.runChildren(ParentRunner.java:288)
    	at org.junit.runners.ParentRunner.access$000(ParentRunner.java:58)
    	at org.junit.runners.ParentRunner$2.evaluate(ParentRunner.java:268)
    	at org.junit.rules.ExternalResource$1.evaluate(ExternalResource.java:48)
    	at org.junit.rules.RunRules.evaluate(RunRules.java:20)
    	at org.junit.runners.ParentRunner.run(ParentRunner.java:363)
    	at cucumber.api.junit.Cucumber.run(Cucumber.java:100)
    	at org.gradle.api.internal.tasks.testing.junit.JUnitTestClassExecuter.runTestClass(JUnitTestClassExecuter.java:114)
    	at org.gradle.api.internal.tasks.testing.junit.JUnitTestClassExecuter.execute(JUnitTestClassExecuter.java:57)
    	at org.gradle.api.internal.tasks.testing.junit.JUnitTestClassProcessor.processTestClass(JUnitTestClassProcessor.java:66)
    	at org.gradle.api.internal.tasks.testing.SuiteTestClassProcessor.processTestClass(SuiteTestClassProcessor.java:51)
    	at sun.reflect.NativeMethodAccessorImpl.invoke0(Native Method)
    	at sun.reflect.NativeMethodAccessorImpl.invoke(NativeMethodAccessorImpl.java:62)
    	at sun.reflect.DelegatingMethodAccessorImpl.invoke(DelegatingMethodAccessorImpl.java:43)
    	at java.lang.reflect.Method.invoke(Method.java:498)
    	at org.gradle.internal.dispatch.ReflectionDispatch.dispatch(ReflectionDispatch.java:35)
    	at org.gradle.internal.dispatch.ReflectionDispatch.dispatch(ReflectionDispatch.java:24)
    	at org.gradle.internal.dispatch.ContextClassLoaderDispatch.dispatch(ContextClassLoaderDispatch.java:32)
    	at org.gradle.internal.dispatch.ProxyDispatchAdapter$DispatchingInvocationHandler.invoke(ProxyDispatchAdapter.java:93)
    	at com.sun.proxy.$Proxy3.processTestClass(Unknown Source)
    	at org.gradle.api.internal.tasks.testing.worker.TestWorker.processTestClass(TestWorker.java:109)
    	at sun.reflect.NativeMethodAccessorImpl.invoke0(Native Method)
    	at sun.reflect.NativeMethodAccessorImpl.invoke(NativeMethodAccessorImpl.java:62)
    	at sun.reflect.DelegatingMethodAccessorImpl.invoke(DelegatingMethodAccessorImpl.java:43)
    	at java.lang.reflect.Method.invoke(Method.java:498)
    	at org.gradle.internal.dispatch.ReflectionDispatch.dispatch(ReflectionDispatch.java:35)
    	at org.gradle.internal.dispatch.ReflectionDispatch.dispatch(ReflectionDispatch.java:24)
    	at org.gradle.internal.remote.internal.hub.MessageHubBackedObjectConnection$DispatchWrapper.dispatch(MessageHubBackedObjectConnection.java:147)
    	at org.gradle.internal.remote.internal.hub.MessageHubBackedObjectConnection$DispatchWrapper.dispatch(MessageHubBackedObjectConnection.java:129)
    	at org.gradle.internal.remote.internal.hub.MessageHub$Handler.run(MessageHub.java:404)
    	at org.gradle.internal.concurrent.ExecutorPolicy$CatchAndRecordFailures.onExecute(ExecutorPolicy.java:63)
    	at org.gradle.internal.concurrent.StoppableExecutorImpl$1.run(StoppableExecutorImpl.java:46)
    	at java.util.concurrent.ThreadPoolExecutor.runWorker(ThreadPoolExecutor.java:1142)
    	at java.util.concurrent.ThreadPoolExecutor$Worker.run(ThreadPoolExecutor.java:617)
    	at java.lang.Thread.run(Thread.java:745)
    Caused by: java.lang.reflect.InvocationTargetException
    	at sun.reflect.NativeConstructorAccessorImpl.newInstance0(Native Method)
    	at sun.reflect.NativeConstructorAccessorImpl.newInstance(NativeConstructorAccessorImpl.java:62)
    	at sun.reflect.DelegatingConstructorAccessorImpl.newInstance(DelegatingConstructorAccessorImpl.java:45)
    	at java.lang.reflect.Constructor.newInstance(Constructor.java:423)
    	at cucumber.runtime.java.DefaultJavaObjectFactory.cacheNewInstance(DefaultJavaObjectFactory.java:41)
    	... 55 more
    Caused by: java.lang.IllegalStateException: The path to the driver executable must be set by the webdriver.chrome.driver system property; for more information, see http://code.google.com/p/selenium/wiki/ChromeDriver. The latest version can be downloaded from http://chromedriver.storage.googleapis.com/index.html
    	at com.google.common.base.Preconditions.checkState(Preconditions.java:469)
    	at org.openqa.selenium.remote.service.DriverService.findExecutable(DriverService.java:105)
    	at org.openqa.selenium.chrome.ChromeDriverService.createDefaultService(ChromeDriverService.java:89)
    	at org.openqa.selenium.chrome.ChromeDriver.<init>(ChromeDriver.java:117)
    	at ohtu.Stepdefs.<init>(Stepdefs.java:14)
    	... 60 more
    [0m
          [31mcucumber.runtime.CucumberException: Failed to instantiate class ohtu.Stepdefs
          	at cucumber.runtime.java.DefaultJavaObjectFactory.cacheNewInstance(DefaultJavaObjectFactory.java:47)
          	at cucumber.runtime.java.DefaultJavaObjectFactory.getInstance(DefaultJavaObjectFactory.java:33)
          	at cucumber.runtime.java.JavaHookDefinition.execute(JavaHookDefinition.java:60)
          	at cucumber.runtime.Runtime.runHookIfTagsMatch(Runtime.java:224)
          	at cucumber.runtime.Runtime.runHooks(Runtime.java:212)
          	at cucumber.runtime.Runtime.runAfterHooks(Runtime.java:206)
          	at cucumber.runtime.model.CucumberScenario.run(CucumberScenario.java:46)
          	at cucumber.runtime.junit.ExecutionUnitRunner.run(ExecutionUnitRunner.java:102)
          	at cucumber.runtime.junit.FeatureRunner.runChild(FeatureRunner.java:63)
          	at cucumber.runtime.junit.FeatureRunner.runChild(FeatureRunner.java:18)
          	at org.junit.runners.ParentRunner$3.run(ParentRunner.java:290)
          	at org.junit.runners.ParentRunner$1.schedule(ParentRunner.java:71)
          	at org.junit.runners.ParentRunner.runChildren(ParentRunner.java:288)
          	at org.junit.runners.ParentRunner.access$000(ParentRunner.java:58)
          	at org.junit.runners.ParentRunner$2.evaluate(ParentRunner.java:268)
          	at org.junit.runners.ParentRunner.run(ParentRunner.java:363)
          	at cucumber.runtime.junit.FeatureRunner.run(FeatureRunner.java:70)
          	at cucumber.api.junit.Cucumber.runChild(Cucumber.java:95)
          	at cucumber.api.junit.Cucumber.runChild(Cucumber.java:38)
          	at org.junit.runners.ParentRunner$3.run(ParentRunner.java:290)
          	at org.junit.runners.ParentRunner$1.schedule(ParentRunner.java:71)
          	at org.junit.runners.ParentRunner.runChildren(ParentRunner.java:288)
          	at org.junit.runners.ParentRunner.access$000(ParentRunner.java:58)
          	at org.junit.runners.ParentRunner$2.evaluate(ParentRunner.java:268)
          	at org.junit.rules.ExternalResource$1.evaluate(ExternalResource.java:48)
          	at org.junit.rules.RunRules.evaluate(RunRules.java:20)
          	at org.junit.runners.ParentRunner.run(ParentRunner.java:363)
          	at cucumber.api.junit.Cucumber.run(Cucumber.java:100)
          	at org.gradle.api.internal.tasks.testing.junit.JUnitTestClassExecuter.runTestClass(JUnitTestClassExecuter.java:114)
          	at org.gradle.api.internal.tasks.testing.junit.JUnitTestClassExecuter.execute(JUnitTestClassExecuter.java:57)
          	at org.gradle.api.internal.tasks.testing.junit.JUnitTestClassProcessor.processTestClass(JUnitTestClassProcessor.java:66)
          	at org.gradle.api.internal.tasks.testing.SuiteTestClassProcessor.processTestClass(SuiteTestClassProcessor.java:51)
          	at sun.reflect.NativeMethodAccessorImpl.invoke0(Native Method)
          	at sun.reflect.NativeMethodAccessorImpl.invoke(NativeMethodAccessorImpl.java:62)
          	at sun.reflect.DelegatingMethodAccessorImpl.invoke(DelegatingMethodAccessorImpl.java:43)
          	at java.lang.reflect.Method.invoke(Method.java:498)
          	at org.gradle.internal.dispatch.ReflectionDispatch.dispatch(ReflectionDispatch.java:35)
          	at org.gradle.internal.dispatch.ReflectionDispatch.dispatch(ReflectionDispatch.java:24)
          	at org.gradle.internal.dispatch.ContextClassLoaderDispatch.dispatch(ContextClassLoaderDispatch.java:32)
          	at org.gradle.internal.dispatch.ProxyDispatchAdapter$DispatchingInvocationHandler.invoke(ProxyDispatchAdapter.java:93)
          	at com.sun.proxy.$Proxy3.processTestClass(Unknown Source)
          	at org.gradle.api.internal.tasks.testing.worker.TestWorker.processTestClass(TestWorker.java:109)
          	at sun.reflect.NativeMethodAccessorImpl.invoke0(Native Method)
          	at sun.reflect.NativeMethodAccessorImpl.invoke(NativeMethodAccessorImpl.java:62)
          	at sun.reflect.DelegatingMethodAccessorImpl.invoke(DelegatingMethodAccessorImpl.java:43)
          	at java.lang.reflect.Method.invoke(Method.java:498)
          	at org.gradle.internal.dispatch.ReflectionDispatch.dispatch(ReflectionDispatch.java:35)
          	at org.gradle.internal.dispatch.ReflectionDispatch.dispatch(ReflectionDispatch.java:24)
          	at org.gradle.internal.remote.internal.hub.MessageHubBackedObjectConnection$DispatchWrapper.dispatch(MessageHubBackedObjectConnection.java:147)
          	at org.gradle.internal.remote.internal.hub.MessageHubBackedObjectConnection$DispatchWrapper.dispatch(MessageHubBackedObjectConnection.java:129)
          	at org.gradle.internal.remote.internal.hub.MessageHub$Handler.run(MessageHub.java:404)
          	at org.gradle.internal.concurrent.ExecutorPolicy$CatchAndRecordFailures.onExecute(ExecutorPolicy.java:63)
          	at org.gradle.internal.concurrent.StoppableExecutorImpl$1.run(StoppableExecutorImpl.java:46)
          	at java.util.concurrent.ThreadPoolExecutor.runWorker(ThreadPoolExecutor.java:1142)
          	at java.util.concurrent.ThreadPoolExecutor$Worker.run(ThreadPoolExecutor.java:617)
          	at java.lang.Thread.run(Thread.java:745)
          Caused by: java.lang.reflect.InvocationTargetException
          	at sun.reflect.NativeConstructorAccessorImpl.newInstance0(Native Method)
          	at sun.reflect.NativeConstructorAccessorImpl.newInstance(NativeConstructorAccessorImpl.java:62)
          	at sun.reflect.DelegatingConstructorAccessorImpl.newInstance(DelegatingConstructorAccessorImpl.java:45)
          	at java.lang.reflect.Constructor.newInstance(Constructor.java:423)
          	at cucumber.runtime.java.DefaultJavaObjectFactory.cacheNewInstance(DefaultJavaObjectFactory.java:41)
          	... 55 more
          Caused by: java.lang.IllegalStateException: The path to the driver executable must be set by the webdriver.chrome.driver system property; for more information, see http://code.google.com/p/selenium/wiki/ChromeDriver. The latest version can be downloaded from http://chromedriver.storage.googleapis.com/index.html
          	at com.google.common.base.Preconditions.checkState(Preconditions.java:469)
          	at org.openqa.selenium.remote.service.DriverService.findExecutable(DriverService.java:105)
          	at org.openqa.selenium.chrome.ChromeDriverService.createDefaultService(ChromeDriverService.java:89)
          	at org.openqa.selenium.chrome.ChromeDriver.<init>(ChromeDriver.java:117)
          	at ohtu.Stepdefs.<init>(Stepdefs.java:14)
          	... 60 more
          [0m

ohtu.RunCukesTest > Scenario: user can login with correct password.classMethod FAILED
    cucumber.runtime.CucumberException
        Caused by: java.lang.reflect.InvocationTargetException
            Caused by: java.lang.IllegalStateException
    cucumber.runtime.CucumberException
        Caused by: java.lang.reflect.InvocationTargetException
            Caused by: java.lang.IllegalStateException

ohtu.RunCukesTest > Scenario: user can not login with incorrect password.classMethod STANDARD_OUT

      Scenario: user can login with correct password                 [90m# ohtu/logging_in.feature:3[0m
        [31mGiven [0m[31mlogin is selected[0m                                      [90m# Stepdefs.login_selected()[0m
          [31mcucumber.runtime.CucumberException: Failed to instantiate class ohtu.Stepdefs
          	at cucumber.runtime.java.DefaultJavaObjectFactory.cacheNewInstance(DefaultJavaObjectFactory.java:47)
          	at cucumber.runtime.java.DefaultJavaObjectFactory.getInstance(DefaultJavaObjectFactory.java:33)
          	at cucumber.runtime.java.JavaStepDefinition.execute(JavaStepDefinition.java:38)
          	at cucumber.runtime.StepDefinitionMatch.runStep(StepDefinitionMatch.java:37)
          	at cucumber.runtime.Runtime.runStep(Runtime.java:300)
          	at cucumber.runtime.model.StepContainer.runStep(StepContainer.java:44)
          	at cucumber.runtime.model.StepContainer.runSteps(StepContainer.java:39)
          	at cucumber.runtime.model.CucumberScenario.run(CucumberScenario.java:44)
          	at cucumber.runtime.junit.ExecutionUnitRunner.run(ExecutionUnitRunner.java:102)
          	at cucumber.runtime.junit.FeatureRunner.runChild(FeatureRunner.java:63)
          	at cucumber.runtime.junit.FeatureRunner.runChild(FeatureRunner.java:18)
          	at org.junit.runners.ParentRunner$3.run(ParentRunner.java:290)
          	at org.junit.runners.ParentRunner$1.schedule(ParentRunner.java:71)
          	at org.junit.runners.ParentRunner.runChildren(ParentRunner.java:288)
          	at org.junit.runners.ParentRunner.access$000(ParentRunner.java:58)
          	at org.junit.runners.ParentRunner$2.evaluate(ParentRunner.java:268)
          	at org.junit.runners.ParentRunner.run(ParentRunner.java:363)
          	at cucumber.runtime.junit.FeatureRunner.run(FeatureRunner.java:70)
          	at cucumber.api.junit.Cucumber.runChild(Cucumber.java:95)
          	at cucumber.api.junit.Cucumber.runChild(Cucumber.java:38)
          	at org.junit.runners.ParentRunner$3.run(ParentRunner.java:290)
          	at org.junit.runners.ParentRunner$1.schedule(ParentRunner.java:71)
          	at org.junit.runners.ParentRunner.runChildren(ParentRunner.java:288)
          	at org.junit.runners.ParentRunner.access$000(ParentRunner.java:58)
          	at org.junit.runners.ParentRunner$2.evaluate(ParentRunner.java:268)
          	at org.junit.rules.ExternalResource$1.evaluate(ExternalResource.java:48)
          	at org.junit.rules.RunRules.evaluate(RunRules.java:20)
          	at org.junit.runners.ParentRunner.run(ParentRunner.java:363)
          	at cucumber.api.junit.Cucumber.run(Cucumber.java:100)
          	at org.gradle.api.internal.tasks.testing.junit.JUnitTestClassExecuter.runTestClass(JUnitTestClassExecuter.java:114)
          	at org.gradle.api.internal.tasks.testing.junit.JUnitTestClassExecuter.execute(JUnitTestClassExecuter.java:57)
          	at org.gradle.api.internal.tasks.testing.junit.JUnitTestClassProcessor.processTestClass(JUnitTestClassProcessor.java:66)
          	at org.gradle.api.internal.tasks.testing.SuiteTestClassProcessor.processTestClass(SuiteTestClassProcessor.java:51)
          	at sun.reflect.NativeMethodAccessorImpl.invoke0(Native Method)
          	at sun.reflect.NativeMethodAccessorImpl.invoke(NativeMethodAccessorImpl.java:62)
          	at sun.reflect.DelegatingMethodAccessorImpl.invoke(DelegatingMethodAccessorImpl.java:43)
          	at java.lang.reflect.Method.invoke(Method.java:498)
          	at org.gradle.internal.dispatch.ReflectionDispatch.dispatch(ReflectionDispatch.java:35)
          	at org.gradle.internal.dispatch.ReflectionDispatch.dispatch(ReflectionDispatch.java:24)
          	at org.gradle.internal.dispatch.ContextClassLoaderDispatch.dispatch(ContextClassLoaderDispatch.java:32)
          	at org.gradle.internal.dispatch.ProxyDispatchAdapter$DispatchingInvocationHandler.invoke(ProxyDispatchAdapter.java:93)
          	at com.sun.proxy.$Proxy3.processTestClass(Unknown Source)
          	at org.gradle.api.internal.tasks.testing.worker.TestWorker.processTestClass(TestWorker.java:109)
          	at sun.reflect.NativeMethodAccessorImpl.invoke0(Native Method)
          	at sun.reflect.NativeMethodAccessorImpl.invoke(NativeMethodAccessorImpl.java:62)
          	at sun.reflect.DelegatingMethodAccessorImpl.invoke(DelegatingMethodAccessorImpl.java:43)
          	at java.lang.reflect.Method.invoke(Method.java:498)
          	at org.gradle.internal.dispatch.ReflectionDispatch.dispatch(ReflectionDispatch.java:35)
          	at org.gradle.internal.dispatch.ReflectionDispatch.dispatch(ReflectionDispatch.java:24)
          	at org.gradle.internal.remote.internal.hub.MessageHubBackedObjectConnection$DispatchWrapper.dispatch(MessageHubBackedObjectConnection.java:147)
          	at org.gradle.internal.remote.internal.hub.MessageHubBackedObjectConnection$DispatchWrapper.dispatch(MessageHubBackedObjectConnection.java:129)
          	at org.gradle.internal.remote.internal.hub.MessageHub$Handler.run(MessageHub.java:404)
          	at org.gradle.internal.concurrent.ExecutorPolicy$CatchAndRecordFailures.onExecute(ExecutorPolicy.java:63)
          	at org.gradle.internal.concurrent.StoppableExecutorImpl$1.run(StoppableExecutorImpl.java:46)
          	at java.util.concurrent.ThreadPoolExecutor.runWorker(ThreadPoolExecutor.java:1142)
          	at java.util.concurrent.ThreadPoolExecutor$Worker.run(ThreadPoolExecutor.java:617)
          	at java.lang.Thread.run(Thread.java:745)
          Caused by: java.lang.reflect.InvocationTargetException
          	at sun.reflect.NativeConstructorAccessorImpl.newInstance0(Native Method)
          	at sun.reflect.NativeConstructorAccessorImpl.newInstance(NativeConstructorAccessorImpl.java:62)
          	at sun.reflect.DelegatingConstructorAccessorImpl.newInstance(DelegatingConstructorAccessorImpl.java:45)
          	at java.lang.reflect.Constructor.newInstance(Constructor.java:423)
          	at cucumber.runtime.java.DefaultJavaObjectFactory.cacheNewInstance(DefaultJavaObjectFactory.java:41)
          	... 56 more
          Caused by: java.lang.IllegalStateException: The path to the driver executable must be set by the webdriver.chrome.driver system property; for more information, see http://code.google.com/p/selenium/wiki/ChromeDriver. The latest version can be downloaded from http://chromedriver.storage.googleapis.com/index.html
          	at com.google.common.base.Preconditions.checkState(Preconditions.java:469)
          	at org.openqa.selenium.remote.service.DriverService.findExecutable(DriverService.java:105)
          	at org.openqa.selenium.chrome.ChromeDriverService.createDefaultService(ChromeDriverService.java:89)
          	at org.openqa.selenium.chrome.ChromeDriver.<init>(ChromeDriver.java:117)
          	at ohtu.Stepdefs.<init>(Stepdefs.java:14)
          	... 61 more
          [0m
        [36mWhen [0m[36mcorrect username "[0m[36m[1mjukka[0m[36m" and password "[0m[36m[1makkuj[0m[36m" are given[0m [90m# Stepdefs.username_correct_and_password_are_given(String,String)[0m
        [36mThen [0m[36muser is logged in[0m                                       [90m# Stepdefs.user_is_logged_in()[0m

ohtu.RunCukesTest > Scenario: user can not login with incorrect password.Given login is selected FAILED
    cucumber.runtime.CucumberException
        Caused by: java.lang.reflect.InvocationTargetException
            Caused by: java.lang.IllegalStateException

ohtu.RunCukesTest STANDARD_OUT
    [31mFailure in after hook:[0m[31mStepdefs.tearDown()[0m
    [31mMessage: [0m[31mcucumber.runtime.CucumberException: Failed to instantiate class ohtu.Stepdefs
    	at cucumber.runtime.java.DefaultJavaObjectFactory.cacheNewInstance(DefaultJavaObjectFactory.java:47)
    	at cucumber.runtime.java.DefaultJavaObjectFactory.getInstance(DefaultJavaObjectFactory.java:33)
    	at cucumber.runtime.java.JavaHookDefinition.execute(JavaHookDefinition.java:60)
    	at cucumber.runtime.Runtime.runHookIfTagsMatch(Runtime.java:224)
    	at cucumber.runtime.Runtime.runHooks(Runtime.java:212)
    	at cucumber.runtime.Runtime.runAfterHooks(Runtime.java:206)
    	at cucumber.runtime.model.CucumberScenario.run(CucumberScenario.java:46)
    	at cucumber.runtime.junit.ExecutionUnitRunner.run(ExecutionUnitRunner.java:102)
    	at cucumber.runtime.junit.FeatureRunner.runChild(FeatureRunner.java:63)
    	at cucumber.runtime.junit.FeatureRunner.runChild(FeatureRunner.java:18)
    	at org.junit.runners.ParentRunner$3.run(ParentRunner.java:290)
    	at org.junit.runners.ParentRunner$1.schedule(ParentRunner.java:71)
    	at org.junit.runners.ParentRunner.runChildren(ParentRunner.java:288)
    	at org.junit.runners.ParentRunner.access$000(ParentRunner.java:58)
    	at org.junit.runners.ParentRunner$2.evaluate(ParentRunner.java:268)
    	at org.junit.runners.ParentRunner.run(ParentRunner.java:363)
    	at cucumber.runtime.junit.FeatureRunner.run(FeatureRunner.java:70)
    	at cucumber.api.junit.Cucumber.runChild(Cucumber.java:95)
    	at cucumber.api.junit.Cucumber.runChild(Cucumber.java:38)
    	at org.junit.runners.ParentRunner$3.run(ParentRunner.java:290)
    	at org.junit.runners.ParentRunner$1.schedule(ParentRunner.java:71)
    	at org.junit.runners.ParentRunner.runChildren(ParentRunner.java:288)
    	at org.junit.runners.ParentRunner.access$000(ParentRunner.java:58)
    	at org.junit.runners.ParentRunner$2.evaluate(ParentRunner.java:268)
    	at org.junit.rules.ExternalResource$1.evaluate(ExternalResource.java:48)
    	at org.junit.rules.RunRules.evaluate(RunRules.java:20)
    	at org.junit.runners.ParentRunner.run(ParentRunner.java:363)
    	at cucumber.api.junit.Cucumber.run(Cucumber.java:100)
    	at org.gradle.api.internal.tasks.testing.junit.JUnitTestClassExecuter.runTestClass(JUnitTestClassExecuter.java:114)
    	at org.gradle.api.internal.tasks.testing.junit.JUnitTestClassExecuter.execute(JUnitTestClassExecuter.java:57)
    	at org.gradle.api.internal.tasks.testing.junit.JUnitTestClassProcessor.processTestClass(JUnitTestClassProcessor.java:66)
    	at org.gradle.api.internal.tasks.testing.SuiteTestClassProcessor.processTestClass(SuiteTestClassProcessor.java:51)
    	at sun.reflect.NativeMethodAccessorImpl.invoke0(Native Method)
    	at sun.reflect.NativeMethodAccessorImpl.invoke(NativeMethodAccessorImpl.java:62)
    	at sun.reflect.DelegatingMethodAccessorImpl.invoke(DelegatingMethodAccessorImpl.java:43)
    	at java.lang.reflect.Method.invoke(Method.java:498)
    	at org.gradle.internal.dispatch.ReflectionDispatch.dispatch(ReflectionDispatch.java:35)
    	at org.gradle.internal.dispatch.ReflectionDispatch.dispatch(ReflectionDispatch.java:24)
    	at org.gradle.internal.dispatch.ContextClassLoaderDispatch.dispatch(ContextClassLoaderDispatch.java:32)
    	at org.gradle.internal.dispatch.ProxyDispatchAdapter$DispatchingInvocationHandler.invoke(ProxyDispatchAdapter.java:93)
    	at com.sun.proxy.$Proxy3.processTestClass(Unknown Source)
    	at org.gradle.api.internal.tasks.testing.worker.TestWorker.processTestClass(TestWorker.java:109)
    	at sun.reflect.NativeMethodAccessorImpl.invoke0(Native Method)
    	at sun.reflect.NativeMethodAccessorImpl.invoke(NativeMethodAccessorImpl.java:62)
    	at sun.reflect.DelegatingMethodAccessorImpl.invoke(DelegatingMethodAccessorImpl.java:43)
    	at java.lang.reflect.Method.invoke(Method.java:498)
    	at org.gradle.internal.dispatch.ReflectionDispatch.dispatch(ReflectionDispatch.java:35)
    	at org.gradle.internal.dispatch.ReflectionDispatch.dispatch(ReflectionDispatch.java:24)
    	at org.gradle.internal.remote.internal.hub.MessageHubBackedObjectConnection$DispatchWrapper.dispatch(MessageHubBackedObjectConnection.java:147)
    	at org.gradle.internal.remote.internal.hub.MessageHubBackedObjectConnection$DispatchWrapper.dispatch(MessageHubBackedObjectConnection.java:129)
    	at org.gradle.internal.remote.internal.hub.MessageHub$Handler.run(MessageHub.java:404)
    	at org.gradle.internal.concurrent.ExecutorPolicy$CatchAndRecordFailures.onExecute(ExecutorPolicy.java:63)
    	at org.gradle.internal.concurrent.StoppableExecutorImpl$1.run(StoppableExecutorImpl.java:46)
    	at java.util.concurrent.ThreadPoolExecutor.runWorker(ThreadPoolExecutor.java:1142)
    	at java.util.concurrent.ThreadPoolExecutor$Worker.run(ThreadPoolExecutor.java:617)
    	at java.lang.Thread.run(Thread.java:745)
    Caused by: java.lang.reflect.InvocationTargetException
    	at sun.reflect.NativeConstructorAccessorImpl.newInstance0(Native Method)
    	at sun.reflect.NativeConstructorAccessorImpl.newInstance(NativeConstructorAccessorImpl.java:62)
    	at sun.reflect.DelegatingConstructorAccessorImpl.newInstance(DelegatingConstructorAccessorImpl.java:45)
    	at java.lang.reflect.Constructor.newInstance(Constructor.java:423)
    	at cucumber.runtime.java.DefaultJavaObjectFactory.cacheNewInstance(DefaultJavaObjectFactory.java:41)
    	... 55 more
    Caused by: java.lang.IllegalStateException: The path to the driver executable must be set by the webdriver.chrome.driver system property; for more information, see http://code.google.com/p/selenium/wiki/ChromeDriver. The latest version can be downloaded from http://chromedriver.storage.googleapis.com/index.html
    	at com.google.common.base.Preconditions.checkState(Preconditions.java:469)
    	at org.openqa.selenium.remote.service.DriverService.findExecutable(DriverService.java:105)
    	at org.openqa.selenium.chrome.ChromeDriverService.createDefaultService(ChromeDriverService.java:89)
    	at org.openqa.selenium.chrome.ChromeDriver.<init>(ChromeDriver.java:117)
    	at ohtu.Stepdefs.<init>(Stepdefs.java:14)
    	... 60 more
    [0m
          [31mcucumber.runtime.CucumberException: Failed to instantiate class ohtu.Stepdefs
          	at cucumber.runtime.java.DefaultJavaObjectFactory.cacheNewInstance(DefaultJavaObjectFactory.java:47)
          	at cucumber.runtime.java.DefaultJavaObjectFactory.getInstance(DefaultJavaObjectFactory.java:33)
          	at cucumber.runtime.java.JavaHookDefinition.execute(JavaHookDefinition.java:60)
          	at cucumber.runtime.Runtime.runHookIfTagsMatch(Runtime.java:224)
          	at cucumber.runtime.Runtime.runHooks(Runtime.java:212)
          	at cucumber.runtime.Runtime.runAfterHooks(Runtime.java:206)
          	at cucumber.runtime.model.CucumberScenario.run(CucumberScenario.java:46)
          	at cucumber.runtime.junit.ExecutionUnitRunner.run(ExecutionUnitRunner.java:102)
          	at cucumber.runtime.junit.FeatureRunner.runChild(FeatureRunner.java:63)
          	at cucumber.runtime.junit.FeatureRunner.runChild(FeatureRunner.java:18)
          	at org.junit.runners.ParentRunner$3.run(ParentRunner.java:290)
          	at org.junit.runners.ParentRunner$1.schedule(ParentRunner.java:71)
          	at org.junit.runners.ParentRunner.runChildren(ParentRunner.java:288)
          	at org.junit.runners.ParentRunner.access$000(ParentRunner.java:58)
          	at org.junit.runners.ParentRunner$2.evaluate(ParentRunner.java:268)
          	at org.junit.runners.ParentRunner.run(ParentRunner.java:363)
          	at cucumber.runtime.junit.FeatureRunner.run(FeatureRunner.java:70)
          	at cucumber.api.junit.Cucumber.runChild(Cucumber.java:95)
          	at cucumber.api.junit.Cucumber.runChild(Cucumber.java:38)
          	at org.junit.runners.ParentRunner$3.run(ParentRunner.java:290)
          	at org.junit.runners.ParentRunner$1.schedule(ParentRunner.java:71)
          	at org.junit.runners.ParentRunner.runChildren(ParentRunner.java:288)
          	at org.junit.runners.ParentRunner.access$000(ParentRunner.java:58)
          	at org.junit.runners.ParentRunner$2.evaluate(ParentRunner.java:268)
          	at org.junit.rules.ExternalResource$1.evaluate(ExternalResource.java:48)
          	at org.junit.rules.RunRules.evaluate(RunRules.java:20)
          	at org.junit.runners.ParentRunner.run(ParentRunner.java:363)
          	at cucumber.api.junit.Cucumber.run(Cucumber.java:100)
          	at org.gradle.api.internal.tasks.testing.junit.JUnitTestClassExecuter.runTestClass(JUnitTestClassExecuter.java:114)
          	at org.gradle.api.internal.tasks.testing.junit.JUnitTestClassExecuter.execute(JUnitTestClassExecuter.java:57)
          	at org.gradle.api.internal.tasks.testing.junit.JUnitTestClassProcessor.processTestClass(JUnitTestClassProcessor.java:66)
          	at org.gradle.api.internal.tasks.testing.SuiteTestClassProcessor.processTestClass(SuiteTestClassProcessor.java:51)
          	at sun.reflect.NativeMethodAccessorImpl.invoke0(Native Method)
          	at sun.reflect.NativeMethodAccessorImpl.invoke(NativeMethodAccessorImpl.java:62)
          	at sun.reflect.DelegatingMethodAccessorImpl.invoke(DelegatingMethodAccessorImpl.java:43)
          	at java.lang.reflect.Method.invoke(Method.java:498)
          	at org.gradle.internal.dispatch.ReflectionDispatch.dispatch(ReflectionDispatch.java:35)
          	at org.gradle.internal.dispatch.ReflectionDispatch.dispatch(ReflectionDispatch.java:24)
          	at org.gradle.internal.dispatch.ContextClassLoaderDispatch.dispatch(ContextClassLoaderDispatch.java:32)
          	at org.gradle.internal.dispatch.ProxyDispatchAdapter$DispatchingInvocationHandler.invoke(ProxyDispatchAdapter.java:93)
          	at com.sun.proxy.$Proxy3.processTestClass(Unknown Source)
          	at org.gradle.api.internal.tasks.testing.worker.TestWorker.processTestClass(TestWorker.java:109)
          	at sun.reflect.NativeMethodAccessorImpl.invoke0(Native Method)
          	at sun.reflect.NativeMethodAccessorImpl.invoke(NativeMethodAccessorImpl.java:62)
          	at sun.reflect.DelegatingMethodAccessorImpl.invoke(DelegatingMethodAccessorImpl.java:43)
          	at java.lang.reflect.Method.invoke(Method.java:498)
          	at org.gradle.internal.dispatch.ReflectionDispatch.dispatch(ReflectionDispatch.java:35)
          	at org.gradle.internal.dispatch.ReflectionDispatch.dispatch(ReflectionDispatch.java:24)
          	at org.gradle.internal.remote.internal.hub.MessageHubBackedObjectConnection$DispatchWrapper.dispatch(MessageHubBackedObjectConnection.java:147)
          	at org.gradle.internal.remote.internal.hub.MessageHubBackedObjectConnection$DispatchWrapper.dispatch(MessageHubBackedObjectConnection.java:129)
          	at org.gradle.internal.remote.internal.hub.MessageHub$Handler.run(MessageHub.java:404)
          	at org.gradle.internal.concurrent.ExecutorPolicy$CatchAndRecordFailures.onExecute(ExecutorPolicy.java:63)
          	at org.gradle.internal.concurrent.StoppableExecutorImpl$1.run(StoppableExecutorImpl.java:46)
          	at java.util.concurrent.ThreadPoolExecutor.runWorker(ThreadPoolExecutor.java:1142)
          	at java.util.concurrent.ThreadPoolExecutor$Worker.run(ThreadPoolExecutor.java:617)
          	at java.lang.Thread.run(Thread.java:745)
          Caused by: java.lang.reflect.InvocationTargetException
          	at sun.reflect.NativeConstructorAccessorImpl.newInstance0(Native Method)
          	at sun.reflect.NativeConstructorAccessorImpl.newInstance(NativeConstructorAccessorImpl.java:62)
          	at sun.reflect.DelegatingConstructorAccessorImpl.newInstance(DelegatingConstructorAccessorImpl.java:45)
          	at java.lang.reflect.Constructor.newInstance(Constructor.java:423)
          	at cucumber.runtime.java.DefaultJavaObjectFactory.cacheNewInstance(DefaultJavaObjectFactory.java:41)
          	... 55 more
          Caused by: java.lang.IllegalStateException: The path to the driver executable must be set by the webdriver.chrome.driver system property; for more information, see http://code.google.com/p/selenium/wiki/ChromeDriver. The latest version can be downloaded from http://chromedriver.storage.googleapis.com/index.html
          	at com.google.common.base.Preconditions.checkState(Preconditions.java:469)
          	at org.openqa.selenium.remote.service.DriverService.findExecutable(DriverService.java:105)
          	at org.openqa.selenium.chrome.ChromeDriverService.createDefaultService(ChromeDriverService.java:89)
          	at org.openqa.selenium.chrome.ChromeDriver.<init>(ChromeDriver.java:117)
          	at ohtu.Stepdefs.<init>(Stepdefs.java:14)
          	... 60 more
          [0m

ohtu.RunCukesTest > Scenario: user can not login with incorrect password.classMethod FAILED
    cucumber.runtime.CucumberException
        Caused by: java.lang.reflect.InvocationTargetException
            Caused by: java.lang.IllegalStateException
    cucumber.runtime.CucumberException
        Caused by: java.lang.reflect.InvocationTargetException
            Caused by: java.lang.IllegalStateException

ohtu.RunCukesTest STANDARD_OUT

      Scenario: user can not login with incorrect password                     [90m# ohtu/logging_in.feature:8[0m
        [31mGiven [0m[31mlogin is selected[0m                                                [90m# Stepdefs.login_selected()[0m
          [31mcucumber.runtime.CucumberException: Failed to instantiate class ohtu.Stepdefs
          	at cucumber.runtime.java.DefaultJavaObjectFactory.cacheNewInstance(DefaultJavaObjectFactory.java:47)
          	at cucumber.runtime.java.DefaultJavaObjectFactory.getInstance(DefaultJavaObjectFactory.java:33)
          	at cucumber.runtime.java.JavaStepDefinition.execute(JavaStepDefinition.java:38)
          	at cucumber.runtime.StepDefinitionMatch.runStep(StepDefinitionMatch.java:37)
          	at cucumber.runtime.Runtime.runStep(Runtime.java:300)
          	at cucumber.runtime.model.StepContainer.runStep(StepContainer.java:44)
          	at cucumber.runtime.model.StepContainer.runSteps(StepContainer.java:39)
          	at cucumber.runtime.model.CucumberScenario.run(CucumberScenario.java:44)
          	at cucumber.runtime.junit.ExecutionUnitRunner.run(ExecutionUnitRunner.java:102)
          	at cucumber.runtime.junit.FeatureRunner.runChild(FeatureRunner.java:63)
          	at cucumber.runtime.junit.FeatureRunner.runChild(FeatureRunner.java:18)
          	at org.junit.runners.ParentRunner$3.run(ParentRunner.java:290)
          	at org.junit.runners.ParentRunner$1.schedule(ParentRunner.java:71)
          	at org.junit.runners.ParentRunner.runChildren(ParentRunner.java:288)
          	at org.junit.runners.ParentRunner.access$000(ParentRunner.java:58)
          	at org.junit.runners.ParentRunner$2.evaluate(ParentRunner.java:268)
          	at org.junit.runners.ParentRunner.run(ParentRunner.java:363)
          	at cucumber.runtime.junit.FeatureRunner.run(FeatureRunner.java:70)
          	at cucumber.api.junit.Cucumber.runChild(Cucumber.java:95)
          	at cucumber.api.junit.Cucumber.runChild(Cucumber.java:38)
          	at org.junit.runners.ParentRunner$3.run(ParentRunner.java:290)
          	at org.junit.runners.ParentRunner$1.schedule(ParentRunner.java:71)
          	at org.junit.runners.ParentRunner.runChildren(ParentRunner.java:288)
          	at org.junit.runners.ParentRunner.access$000(ParentRunner.java:58)
          	at org.junit.runners.ParentRunner$2.evaluate(ParentRunner.java:268)
          	at org.junit.rules.ExternalResource$1.evaluate(ExternalResource.java:48)
          	at org.junit.rules.RunRules.evaluate(RunRules.java:20)
          	at org.junit.runners.ParentRunner.run(ParentRunner.java:363)
          	at cucumber.api.junit.Cucumber.run(Cucumber.java:100)
          	at org.gradle.api.internal.tasks.testing.junit.JUnitTestClassExecuter.runTestClass(JUnitTestClassExecuter.java:114)
          	at org.gradle.api.internal.tasks.testing.junit.JUnitTestClassExecuter.execute(JUnitTestClassExecuter.java:57)
          	at org.gradle.api.internal.tasks.testing.junit.JUnitTestClassProcessor.processTestClass(JUnitTestClassProcessor.java:66)
          	at org.gradle.api.internal.tasks.testing.SuiteTestClassProcessor.processTestClass(SuiteTestClassProcessor.java:51)
          	at sun.reflect.NativeMethodAccessorImpl.invoke0(Native Method)
          	at sun.reflect.NativeMethodAccessorImpl.invoke(NativeMethodAccessorImpl.java:62)
          	at sun.reflect.DelegatingMethodAccessorImpl.invoke(DelegatingMethodAccessorImpl.java:43)
          	at java.lang.reflect.Method.invoke(Method.java:498)
          	at org.gradle.internal.dispatch.ReflectionDispatch.dispatch(ReflectionDispatch.java:35)
          	at org.gradle.internal.dispatch.ReflectionDispatch.dispatch(ReflectionDispatch.java:24)
          	at org.gradle.internal.dispatch.ContextClassLoaderDispatch.dispatch(ContextClassLoaderDispatch.java:32)
          	at org.gradle.internal.dispatch.ProxyDispatchAdapter$DispatchingInvocationHandler.invoke(ProxyDispatchAdapter.java:93)
          	at com.sun.proxy.$Proxy3.processTestClass(Unknown Source)
          	at org.gradle.api.internal.tasks.testing.worker.TestWorker.processTestClass(TestWorker.java:109)
          	at sun.reflect.NativeMethodAccessorImpl.invoke0(Native Method)
          	at sun.reflect.NativeMethodAccessorImpl.invoke(NativeMethodAccessorImpl.java:62)
          	at sun.reflect.DelegatingMethodAccessorImpl.invoke(DelegatingMethodAccessorImpl.java:43)
          	at java.lang.reflect.Method.invoke(Method.java:498)
          	at org.gradle.internal.dispatch.ReflectionDispatch.dispatch(ReflectionDispatch.java:35)
          	at org.gradle.internal.dispatch.ReflectionDispatch.dispatch(ReflectionDispatch.java:24)
          	at org.gradle.internal.remote.internal.hub.MessageHubBackedObjectConnection$DispatchWrapper.dispatch(MessageHubBackedObjectConnection.java:147)
          	at org.gradle.internal.remote.internal.hub.MessageHubBackedObjectConnection$DispatchWrapper.dispatch(MessageHubBackedObjectConnection.java:129)
          	at org.gradle.internal.remote.internal.hub.MessageHub$Handler.run(MessageHub.java:404)
          	at org.gradle.internal.concurrent.ExecutorPolicy$CatchAndRecordFailures.onExecute(ExecutorPolicy.java:63)
          	at org.gradle.internal.concurrent.StoppableExecutorImpl$1.run(StoppableExecutorImpl.java:46)
          	at java.util.concurrent.ThreadPoolExecutor.runWorker(ThreadPoolExecutor.java:1142)
          	at java.util.concurrent.ThreadPoolExecutor$Worker.run(ThreadPoolExecutor.java:617)
          	at java.lang.Thread.run(Thread.java:745)
          Caused by: java.lang.reflect.InvocationTargetException
          	at sun.reflect.NativeConstructorAccessorImpl.newInstance0(Native Method)
          	at sun.reflect.NativeConstructorAccessorImpl.newInstance(NativeConstructorAccessorImpl.java:62)
          	at sun.reflect.DelegatingConstructorAccessorImpl.newInstance(DelegatingConstructorAccessorImpl.java:45)
          	at java.lang.reflect.Constructor.newInstance(Constructor.java:423)
          	at cucumber.runtime.java.DefaultJavaObjectFactory.cacheNewInstance(DefaultJavaObjectFactory.java:41)
          	... 56 more
          Caused by: java.lang.IllegalStateException: The path to the driver executable must be set by the webdriver.chrome.driver system property; for more information, see http://code.google.com/p/selenium/wiki/ChromeDriver. The latest version can be downloaded from http://chromedriver.storage.googleapis.com/index.html
          	at com.google.common.base.Preconditions.checkState(Preconditions.java:469)
          	at org.openqa.selenium.remote.service.DriverService.findExecutable(DriverService.java:105)
          	at org.openqa.selenium.chrome.ChromeDriverService.createDefaultService(ChromeDriverService.java:89)
          	at org.openqa.selenium.chrome.ChromeDriver.<init>(ChromeDriver.java:117)
          	at ohtu.Stepdefs.<init>(Stepdefs.java:14)
          	... 61 more
          [0m
        [36mWhen [0m[36mcorrect username "[0m[36m[1mjukka[0m[36m" and incorrect password "[0m[36m[1mwrong[0m[36m" are given[0m [90m# Stepdefs.username_and_incorrect_password_are_given(String,String)[0m
        [36mThen [0m[36muser is not logged in and error message is given[0m                  [90m# Stepdefs.user_is_not_logged_in_and_error_message_is_given()[0m
    Feature: As a registered user can log in with valid username/password-combination

ohtu.RunCukesTest > Scenario: user can login with correct password.Given login is selected FAILED
    cucumber.runtime.CucumberException
        Caused by: java.lang.reflect.InvocationTargetException
            Caused by: java.lang.IllegalStateException

ohtu.RunCukesTest STANDARD_OUT
    [31mFailure in after hook:[0m[31mStepdefs.tearDown()[0m
    [31mMessage: [0m[31mcucumber.runtime.CucumberException: Failed to instantiate class ohtu.Stepdefs
    	at cucumber.runtime.java.DefaultJavaObjectFactory.cacheNewInstance(DefaultJavaObjectFactory.java:47)
    	at cucumber.runtime.java.DefaultJavaObjectFactory.getInstance(DefaultJavaObjectFactory.java:33)
    	at cucumber.runtime.java.JavaHookDefinition.execute(JavaHookDefinition.java:60)
    	at cucumber.runtime.Runtime.runHookIfTagsMatch(Runtime.java:224)
    	at cucumber.runtime.Runtime.runHooks(Runtime.java:212)
    	at cucumber.runtime.Runtime.runAfterHooks(Runtime.java:206)
    	at cucumber.runtime.model.CucumberScenario.run(CucumberScenario.java:46)
    	at cucumber.runtime.junit.ExecutionUnitRunner.run(ExecutionUnitRunner.java:102)
    	at cucumber.runtime.junit.FeatureRunner.runChild(FeatureRunner.java:63)
    	at cucumber.runtime.junit.FeatureRunner.runChild(FeatureRunner.java:18)
    	at org.junit.runners.ParentRunner$3.run(ParentRunner.java:290)
    	at org.junit.runners.ParentRunner$1.schedule(ParentRunner.java:71)
    	at org.junit.runners.ParentRunner.runChildren(ParentRunner.java:288)
    	at org.junit.runners.ParentRunner.access$000(ParentRunner.java:58)
    	at org.junit.runners.ParentRunner$2.evaluate(ParentRunner.java:268)
    	at org.junit.runners.ParentRunner.run(ParentRunner.java:363)
    	at cucumber.runtime.junit.FeatureRunner.run(FeatureRunner.java:70)
    	at cucumber.api.junit.Cucumber.runChild(Cucumber.java:95)
    	at cucumber.api.junit.Cucumber.runChild(Cucumber.java:38)
    	at org.junit.runners.ParentRunner$3.run(ParentRunner.java:290)
    	at org.junit.runners.ParentRunner$1.schedule(ParentRunner.java:71)
    	at org.junit.runners.ParentRunner.runChildren(ParentRunner.java:288)
    	at org.junit.runners.ParentRunner.access$000(ParentRunner.java:58)
    	at org.junit.runners.ParentRunner$2.evaluate(ParentRunner.java:268)
    	at org.junit.rules.ExternalResource$1.evaluate(ExternalResource.java:48)
    	at org.junit.rules.RunRules.evaluate(RunRules.java:20)
    	at org.junit.runners.ParentRunner.run(ParentRunner.java:363)
    	at cucumber.api.junit.Cucumber.run(Cucumber.java:100)
    	at org.gradle.api.internal.tasks.testing.junit.JUnitTestClassExecuter.runTestClass(JUnitTestClassExecuter.java:114)
    	at org.gradle.api.internal.tasks.testing.junit.JUnitTestClassExecuter.execute(JUnitTestClassExecuter.java:57)
    	at org.gradle.api.internal.tasks.testing.junit.JUnitTestClassProcessor.processTestClass(JUnitTestClassProcessor.java:66)
    	at org.gradle.api.internal.tasks.testing.SuiteTestClassProcessor.processTestClass(SuiteTestClassProcessor.java:51)
    	at sun.reflect.NativeMethodAccessorImpl.invoke0(Native Method)
    	at sun.reflect.NativeMethodAccessorImpl.invoke(NativeMethodAccessorImpl.java:62)
    	at sun.reflect.DelegatingMethodAccessorImpl.invoke(DelegatingMethodAccessorImpl.java:43)
    	at java.lang.reflect.Method.invoke(Method.java:498)
    	at org.gradle.internal.dispatch.ReflectionDispatch.dispatch(ReflectionDispatch.java:35)
    	at org.gradle.internal.dispatch.ReflectionDispatch.dispatch(ReflectionDispatch.java:24)
    	at org.gradle.internal.dispatch.ContextClassLoaderDispatch.dispatch(ContextClassLoaderDispatch.java:32)
    	at org.gradle.internal.dispatch.ProxyDispatchAdapter$DispatchingInvocationHandler.invoke(ProxyDispatchAdapter.java:93)
    	at com.sun.proxy.$Proxy3.processTestClass(Unknown Source)
    	at org.gradle.api.internal.tasks.testing.worker.TestWorker.processTestClass(TestWorker.java:109)
    	at sun.reflect.NativeMethodAccessorImpl.invoke0(Native Method)
    	at sun.reflect.NativeMethodAccessorImpl.invoke(NativeMethodAccessorImpl.java:62)
    	at sun.reflect.DelegatingMethodAccessorImpl.invoke(DelegatingMethodAccessorImpl.java:43)
    	at java.lang.reflect.Method.invoke(Method.java:498)
    	at org.gradle.internal.dispatch.ReflectionDispatch.dispatch(ReflectionDispatch.java:35)
    	at org.gradle.internal.dispatch.ReflectionDispatch.dispatch(ReflectionDispatch.java:24)
    	at org.gradle.internal.remote.internal.hub.MessageHubBackedObjectConnection$DispatchWrapper.dispatch(MessageHubBackedObjectConnection.java:147)
    	at org.gradle.internal.remote.internal.hub.MessageHubBackedObjectConnection$DispatchWrapper.dispatch(MessageHubBackedObjectConnection.java:129)
    	at org.gradle.internal.remote.internal.hub.MessageHub$Handler.run(MessageHub.java:404)
    	at org.gradle.internal.concurrent.ExecutorPolicy$CatchAndRecordFailures.onExecute(ExecutorPolicy.java:63)
    	at org.gradle.internal.concurrent.StoppableExecutorImpl$1.run(StoppableExecutorImpl.java:46)
    	at java.util.concurrent.ThreadPoolExecutor.runWorker(ThreadPoolExecutor.java:1142)
    	at java.util.concurrent.ThreadPoolExecutor$Worker.run(ThreadPoolExecutor.java:617)
    	at java.lang.Thread.run(Thread.java:745)
    Caused by: java.lang.reflect.InvocationTargetException
    	at sun.reflect.NativeConstructorAccessorImpl.newInstance0(Native Method)
    	at sun.reflect.NativeConstructorAccessorImpl.newInstance(NativeConstructorAccessorImpl.java:62)
    	at sun.reflect.DelegatingConstructorAccessorImpl.newInstance(DelegatingConstructorAccessorImpl.java:45)
    	at java.lang.reflect.Constructor.newInstance(Constructor.java:423)
    	at cucumber.runtime.java.DefaultJavaObjectFactory.cacheNewInstance(DefaultJavaObjectFactory.java:41)
    	... 55 more
    Caused by: java.lang.IllegalStateException: The path to the driver executable must be set by the webdriver.chrome.driver system property; for more information, see http://code.google.com/p/selenium/wiki/ChromeDriver. The latest version can be downloaded from http://chromedriver.storage.googleapis.com/index.html
    	at com.google.common.base.Preconditions.checkState(Preconditions.java:469)
    	at org.openqa.selenium.remote.service.DriverService.findExecutable(DriverService.java:105)
    	at org.openqa.selenium.chrome.ChromeDriverService.createDefaultService(ChromeDriverService.java:89)
    	at org.openqa.selenium.chrome.ChromeDriver.<init>(ChromeDriver.java:117)
    	at ohtu.Stepdefs.<init>(Stepdefs.java:14)
    	... 60 more
    [0m
          [31mcucumber.runtime.CucumberException: Failed to instantiate class ohtu.Stepdefs
          	at cucumber.runtime.java.DefaultJavaObjectFactory.cacheNewInstance(DefaultJavaObjectFactory.java:47)
          	at cucumber.runtime.java.DefaultJavaObjectFactory.getInstance(DefaultJavaObjectFactory.java:33)
          	at cucumber.runtime.java.JavaHookDefinition.execute(JavaHookDefinition.java:60)
          	at cucumber.runtime.Runtime.runHookIfTagsMatch(Runtime.java:224)
          	at cucumber.runtime.Runtime.runHooks(Runtime.java:212)
          	at cucumber.runtime.Runtime.runAfterHooks(Runtime.java:206)
          	at cucumber.runtime.model.CucumberScenario.run(CucumberScenario.java:46)
          	at cucumber.runtime.junit.ExecutionUnitRunner.run(ExecutionUnitRunner.java:102)
          	at cucumber.runtime.junit.FeatureRunner.runChild(FeatureRunner.java:63)
          	at cucumber.runtime.junit.FeatureRunner.runChild(FeatureRunner.java:18)
          	at org.junit.runners.ParentRunner$3.run(ParentRunner.java:290)
          	at org.junit.runners.ParentRunner$1.schedule(ParentRunner.java:71)
          	at org.junit.runners.ParentRunner.runChildren(ParentRunner.java:288)
          	at org.junit.runners.ParentRunner.access$000(ParentRunner.java:58)
          	at org.junit.runners.ParentRunner$2.evaluate(ParentRunner.java:268)
          	at org.junit.runners.ParentRunner.run(ParentRunner.java:363)
          	at cucumber.runtime.junit.FeatureRunner.run(FeatureRunner.java:70)
          	at cucumber.api.junit.Cucumber.runChild(Cucumber.java:95)
          	at cucumber.api.junit.Cucumber.runChild(Cucumber.java:38)
          	at org.junit.runners.ParentRunner$3.run(ParentRunner.java:290)
          	at org.junit.runners.ParentRunner$1.schedule(ParentRunner.java:71)
          	at org.junit.runners.ParentRunner.runChildren(ParentRunner.java:288)
          	at org.junit.runners.ParentRunner.access$000(ParentRunner.java:58)
          	at org.junit.runners.ParentRunner$2.evaluate(ParentRunner.java:268)
          	at org.junit.rules.ExternalResource$1.evaluate(ExternalResource.java:48)
          	at org.junit.rules.RunRules.evaluate(RunRules.java:20)
          	at org.junit.runners.ParentRunner.run(ParentRunner.java:363)
          	at cucumber.api.junit.Cucumber.run(Cucumber.java:100)
          	at org.gradle.api.internal.tasks.testing.junit.JUnitTestClassExecuter.runTestClass(JUnitTestClassExecuter.java:114)
          	at org.gradle.api.internal.tasks.testing.junit.JUnitTestClassExecuter.execute(JUnitTestClassExecuter.java:57)
          	at org.gradle.api.internal.tasks.testing.junit.JUnitTestClassProcessor.processTestClass(JUnitTestClassProcessor.java:66)
          	at org.gradle.api.internal.tasks.testing.SuiteTestClassProcessor.processTestClass(SuiteTestClassProcessor.java:51)
          	at sun.reflect.NativeMethodAccessorImpl.invoke0(Native Method)
          	at sun.reflect.NativeMethodAccessorImpl.invoke(NativeMethodAccessorImpl.java:62)
          	at sun.reflect.DelegatingMethodAccessorImpl.invoke(DelegatingMethodAccessorImpl.java:43)
          	at java.lang.reflect.Method.invoke(Method.java:498)
          	at org.gradle.internal.dispatch.ReflectionDispatch.dispatch(ReflectionDispatch.java:35)
          	at org.gradle.internal.dispatch.ReflectionDispatch.dispatch(ReflectionDispatch.java:24)
          	at org.gradle.internal.dispatch.ContextClassLoaderDispatch.dispatch(ContextClassLoaderDispatch.java:32)
          	at org.gradle.internal.dispatch.ProxyDispatchAdapter$DispatchingInvocationHandler.invoke(ProxyDispatchAdapter.java:93)
          	at com.sun.proxy.$Proxy3.processTestClass(Unknown Source)
          	at org.gradle.api.internal.tasks.testing.worker.TestWorker.processTestClass(TestWorker.java:109)
          	at sun.reflect.NativeMethodAccessorImpl.invoke0(Native Method)
          	at sun.reflect.NativeMethodAccessorImpl.invoke(NativeMethodAccessorImpl.java:62)
          	at sun.reflect.DelegatingMethodAccessorImpl.invoke(DelegatingMethodAccessorImpl.java:43)
          	at java.lang.reflect.Method.invoke(Method.java:498)
          	at org.gradle.internal.dispatch.ReflectionDispatch.dispatch(ReflectionDispatch.java:35)
          	at org.gradle.internal.dispatch.ReflectionDispatch.dispatch(ReflectionDispatch.java:24)
          	at org.gradle.internal.remote.internal.hub.MessageHubBackedObjectConnection$DispatchWrapper.dispatch(MessageHubBackedObjectConnection.java:147)
          	at org.gradle.internal.remote.internal.hub.MessageHubBackedObjectConnection$DispatchWrapper.dispatch(MessageHubBackedObjectConnection.java:129)
          	at org.gradle.internal.remote.internal.hub.MessageHub$Handler.run(MessageHub.java:404)
          	at org.gradle.internal.concurrent.ExecutorPolicy$CatchAndRecordFailures.onExecute(ExecutorPolicy.java:63)
          	at org.gradle.internal.concurrent.StoppableExecutorImpl$1.run(StoppableExecutorImpl.java:46)
          	at java.util.concurrent.ThreadPoolExecutor.runWorker(ThreadPoolExecutor.java:1142)
          	at java.util.concurrent.ThreadPoolExecutor$Worker.run(ThreadPoolExecutor.java:617)
          	at java.lang.Thread.run(Thread.java:745)
          Caused by: java.lang.reflect.InvocationTargetException
          	at sun.reflect.NativeConstructorAccessorImpl.newInstance0(Native Method)
          	at sun.reflect.NativeConstructorAccessorImpl.newInstance(NativeConstructorAccessorImpl.java:62)
          	at sun.reflect.DelegatingConstructorAccessorImpl.newInstance(DelegatingConstructorAccessorImpl.java:45)
          	at java.lang.reflect.Constructor.newInstance(Constructor.java:423)
          	at cucumber.runtime.java.DefaultJavaObjectFactory.cacheNewInstance(DefaultJavaObjectFactory.java:41)
          	... 55 more
          Caused by: java.lang.IllegalStateException: The path to the driver executable must be set by the webdriver.chrome.driver system property; for more information, see http://code.google.com/p/selenium/wiki/ChromeDriver. The latest version can be downloaded from http://chromedriver.storage.googleapis.com/index.html
          	at com.google.common.base.Preconditions.checkState(Preconditions.java:469)
          	at org.openqa.selenium.remote.service.DriverService.findExecutable(DriverService.java:105)
          	at org.openqa.selenium.chrome.ChromeDriverService.createDefaultService(ChromeDriverService.java:89)
          	at org.openqa.selenium.chrome.ChromeDriver.<init>(ChromeDriver.java:117)
          	at ohtu.Stepdefs.<init>(Stepdefs.java:14)
          	... 60 more
          [0m

ohtu.RunCukesTest > Scenario: user can login with correct password.classMethod FAILED
    cucumber.runtime.CucumberException
        Caused by: java.lang.reflect.InvocationTargetException
            Caused by: java.lang.IllegalStateException
    cucumber.runtime.CucumberException
        Caused by: java.lang.reflect.InvocationTargetException
            Caused by: java.lang.IllegalStateException

ohtu.RunCukesTest > Scenario: user can not login with incorrect password.classMethod STANDARD_OUT

      Scenario: user can login with correct password          [90m# ohtu/logging_in_antipattern.feature:3[0m
        [31mGiven [0m[31mlogin is selected[0m                               [90m# Stepdefs.login_selected()[0m
          [31mcucumber.runtime.CucumberException: Failed to instantiate class ohtu.Stepdefs
          	at cucumber.runtime.java.DefaultJavaObjectFactory.cacheNewInstance(DefaultJavaObjectFactory.java:47)
          	at cucumber.runtime.java.DefaultJavaObjectFactory.getInstance(DefaultJavaObjectFactory.java:33)
          	at cucumber.runtime.java.JavaStepDefinition.execute(JavaStepDefinition.java:38)
          	at cucumber.runtime.StepDefinitionMatch.runStep(StepDefinitionMatch.java:37)
          	at cucumber.runtime.Runtime.runStep(Runtime.java:300)
          	at cucumber.runtime.model.StepContainer.runStep(StepContainer.java:44)
          	at cucumber.runtime.model.StepContainer.runSteps(StepContainer.java:39)
          	at cucumber.runtime.model.CucumberScenario.run(CucumberScenario.java:44)
          	at cucumber.runtime.junit.ExecutionUnitRunner.run(ExecutionUnitRunner.java:102)
          	at cucumber.runtime.junit.FeatureRunner.runChild(FeatureRunner.java:63)
          	at cucumber.runtime.junit.FeatureRunner.runChild(FeatureRunner.java:18)
          	at org.junit.runners.ParentRunner$3.run(ParentRunner.java:290)
          	at org.junit.runners.ParentRunner$1.schedule(ParentRunner.java:71)
          	at org.junit.runners.ParentRunner.runChildren(ParentRunner.java:288)
          	at org.junit.runners.ParentRunner.access$000(ParentRunner.java:58)
          	at org.junit.runners.ParentRunner$2.evaluate(ParentRunner.java:268)
          	at org.junit.runners.ParentRunner.run(ParentRunner.java:363)
          	at cucumber.runtime.junit.FeatureRunner.run(FeatureRunner.java:70)
          	at cucumber.api.junit.Cucumber.runChild(Cucumber.java:95)
          	at cucumber.api.junit.Cucumber.runChild(Cucumber.java:38)
          	at org.junit.runners.ParentRunner$3.run(ParentRunner.java:290)
          	at org.junit.runners.ParentRunner$1.schedule(ParentRunner.java:71)
          	at org.junit.runners.ParentRunner.runChildren(ParentRunner.java:288)
          	at org.junit.runners.ParentRunner.access$000(ParentRunner.java:58)
          	at org.junit.runners.ParentRunner$2.evaluate(ParentRunner.java:268)
          	at org.junit.rules.ExternalResource$1.evaluate(ExternalResource.java:48)
          	at org.junit.rules.RunRules.evaluate(RunRules.java:20)
          	at org.junit.runners.ParentRunner.run(ParentRunner.java:363)
          	at cucumber.api.junit.Cucumber.run(Cucumber.java:100)
          	at org.gradle.api.internal.tasks.testing.junit.JUnitTestClassExecuter.runTestClass(JUnitTestClassExecuter.java:114)
          	at org.gradle.api.internal.tasks.testing.junit.JUnitTestClassExecuter.execute(JUnitTestClassExecuter.java:57)
          	at org.gradle.api.internal.tasks.testing.junit.JUnitTestClassProcessor.processTestClass(JUnitTestClassProcessor.java:66)
          	at org.gradle.api.internal.tasks.testing.SuiteTestClassProcessor.processTestClass(SuiteTestClassProcessor.java:51)
          	at sun.reflect.NativeMethodAccessorImpl.invoke0(Native Method)
          	at sun.reflect.NativeMethodAccessorImpl.invoke(NativeMethodAccessorImpl.java:62)
          	at sun.reflect.DelegatingMethodAccessorImpl.invoke(DelegatingMethodAccessorImpl.java:43)
          	at java.lang.reflect.Method.invoke(Method.java:498)
          	at org.gradle.internal.dispatch.ReflectionDispatch.dispatch(ReflectionDispatch.java:35)
          	at org.gradle.internal.dispatch.ReflectionDispatch.dispatch(ReflectionDispatch.java:24)
          	at org.gradle.internal.dispatch.ContextClassLoaderDispatch.dispatch(ContextClassLoaderDispatch.java:32)
          	at org.gradle.internal.dispatch.ProxyDispatchAdapter$DispatchingInvocationHandler.invoke(ProxyDispatchAdapter.java:93)
          	at com.sun.proxy.$Proxy3.processTestClass(Unknown Source)
          	at org.gradle.api.internal.tasks.testing.worker.TestWorker.processTestClass(TestWorker.java:109)
          	at sun.reflect.NativeMethodAccessorImpl.invoke0(Native Method)
          	at sun.reflect.NativeMethodAccessorImpl.invoke(NativeMethodAccessorImpl.java:62)
          	at sun.reflect.DelegatingMethodAccessorImpl.invoke(DelegatingMethodAccessorImpl.java:43)
          	at java.lang.reflect.Method.invoke(Method.java:498)
          	at org.gradle.internal.dispatch.ReflectionDispatch.dispatch(ReflectionDispatch.java:35)
          	at org.gradle.internal.dispatch.ReflectionDispatch.dispatch(ReflectionDispatch.java:24)
          	at org.gradle.internal.remote.internal.hub.MessageHubBackedObjectConnection$DispatchWrapper.dispatch(MessageHubBackedObjectConnection.java:147)
          	at org.gradle.internal.remote.internal.hub.MessageHubBackedObjectConnection$DispatchWrapper.dispatch(MessageHubBackedObjectConnection.java:129)
          	at org.gradle.internal.remote.internal.hub.MessageHub$Handler.run(MessageHub.java:404)
          	at org.gradle.internal.concurrent.ExecutorPolicy$CatchAndRecordFailures.onExecute(ExecutorPolicy.java:63)
          	at org.gradle.internal.concurrent.StoppableExecutorImpl$1.run(StoppableExecutorImpl.java:46)
          	at java.util.concurrent.ThreadPoolExecutor.runWorker(ThreadPoolExecutor.java:1142)
          	at java.util.concurrent.ThreadPoolExecutor$Worker.run(ThreadPoolExecutor.java:617)
          	at java.lang.Thread.run(Thread.java:745)
          Caused by: java.lang.reflect.InvocationTargetException
          	at sun.reflect.NativeConstructorAccessorImpl.newInstance0(Native Method)
          	at sun.reflect.NativeConstructorAccessorImpl.newInstance(NativeConstructorAccessorImpl.java:62)
          	at sun.reflect.DelegatingConstructorAccessorImpl.newInstance(DelegatingConstructorAccessorImpl.java:45)
          	at java.lang.reflect.Constructor.newInstance(Constructor.java:423)
          	at cucumber.runtime.java.DefaultJavaObjectFactory.cacheNewInstance(DefaultJavaObjectFactory.java:41)
          	... 56 more
          Caused by: java.lang.IllegalStateException: The path to the driver executable must be set by the webdriver.chrome.driver system property; for more information, see http://code.google.com/p/selenium/wiki/ChromeDriver. The latest version can be downloaded from http://chromedriver.storage.googleapis.com/index.html
          	at com.google.common.base.Preconditions.checkState(Preconditions.java:469)
          	at org.openqa.selenium.remote.service.DriverService.findExecutable(DriverService.java:105)
          	at org.openqa.selenium.chrome.ChromeDriverService.createDefaultService(ChromeDriverService.java:89)
          	at org.openqa.selenium.chrome.ChromeDriver.<init>(ChromeDriver.java:117)
          	at ohtu.Stepdefs.<init>(Stepdefs.java:14)
          	... 61 more
          [0m
        [36mWhen [0m[36musername "[0m[36m[1mjukka[0m[36m" and password "[0m[36m[1makkuj[0m[36m" are given[0m  [90m# Stepdefs.username_and_password_are_given(String,String)[0m
        [36mThen [0m[36msystem will respond "[0m[36m[1mOhtu Application main page[0m[36m"[0m [90m# Stepdefs.system_will_respond(String)[0m

ohtu.RunCukesTest > Scenario: user can not login with incorrect password.Given login is selected FAILED
    cucumber.runtime.CucumberException
        Caused by: java.lang.reflect.InvocationTargetException
            Caused by: java.lang.IllegalStateException

ohtu.RunCukesTest STANDARD_OUT
    [31mFailure in after hook:[0m[31mStepdefs.tearDown()[0m
    [31mMessage: [0m[31mcucumber.runtime.CucumberException: Failed to instantiate class ohtu.Stepdefs
    	at cucumber.runtime.java.DefaultJavaObjectFactory.cacheNewInstance(DefaultJavaObjectFactory.java:47)
    	at cucumber.runtime.java.DefaultJavaObjectFactory.getInstance(DefaultJavaObjectFactory.java:33)
    	at cucumber.runtime.java.JavaHookDefinition.execute(JavaHookDefinition.java:60)
    	at cucumber.runtime.Runtime.runHookIfTagsMatch(Runtime.java:224)
    	at cucumber.runtime.Runtime.runHooks(Runtime.java:212)
    	at cucumber.runtime.Runtime.runAfterHooks(Runtime.java:206)
    	at cucumber.runtime.model.CucumberScenario.run(CucumberScenario.java:46)
    	at cucumber.runtime.junit.ExecutionUnitRunner.run(ExecutionUnitRunner.java:102)
    	at cucumber.runtime.junit.FeatureRunner.runChild(FeatureRunner.java:63)
    	at cucumber.runtime.junit.FeatureRunner.runChild(FeatureRunner.java:18)
    	at org.junit.runners.ParentRunner$3.run(ParentRunner.java:290)
    	at org.junit.runners.ParentRunner$1.schedule(ParentRunner.java:71)
    	at org.junit.runners.ParentRunner.runChildren(ParentRunner.java:288)
    	at org.junit.runners.ParentRunner.access$000(ParentRunner.java:58)
    	at org.junit.runners.ParentRunner$2.evaluate(ParentRunner.java:268)
    	at org.junit.runners.ParentRunner.run(ParentRunner.java:363)
    	at cucumber.runtime.junit.FeatureRunner.run(FeatureRunner.java:70)
    	at cucumber.api.junit.Cucumber.runChild(Cucumber.java:95)
    	at cucumber.api.junit.Cucumber.runChild(Cucumber.java:38)
    	at org.junit.runners.ParentRunner$3.run(ParentRunner.java:290)
    	at org.junit.runners.ParentRunner$1.schedule(ParentRunner.java:71)
    	at org.junit.runners.ParentRunner.runChildren(ParentRunner.java:288)
    	at org.junit.runners.ParentRunner.access$000(ParentRunner.java:58)
    	at org.junit.runners.ParentRunner$2.evaluate(ParentRunner.java:268)
    	at org.junit.rules.ExternalResource$1.evaluate(ExternalResource.java:48)
    	at org.junit.rules.RunRules.evaluate(RunRules.java:20)
    	at org.junit.runners.ParentRunner.run(ParentRunner.java:363)
    	at cucumber.api.junit.Cucumber.run(Cucumber.java:100)
    	at org.gradle.api.internal.tasks.testing.junit.JUnitTestClassExecuter.runTestClass(JUnitTestClassExecuter.java:114)
    	at org.gradle.api.internal.tasks.testing.junit.JUnitTestClassExecuter.execute(JUnitTestClassExecuter.java:57)
    	at org.gradle.api.internal.tasks.testing.junit.JUnitTestClassProcessor.processTestClass(JUnitTestClassProcessor.java:66)
    	at org.gradle.api.internal.tasks.testing.SuiteTestClassProcessor.processTestClass(SuiteTestClassProcessor.java:51)
    	at sun.reflect.NativeMethodAccessorImpl.invoke0(Native Method)
    	at sun.reflect.NativeMethodAccessorImpl.invoke(NativeMethodAccessorImpl.java:62)
    	at sun.reflect.DelegatingMethodAccessorImpl.invoke(DelegatingMethodAccessorImpl.java:43)
    	at java.lang.reflect.Method.invoke(Method.java:498)
    	at org.gradle.internal.dispatch.ReflectionDispatch.dispatch(ReflectionDispatch.java:35)
    	at org.gradle.internal.dispatch.ReflectionDispatch.dispatch(ReflectionDispatch.java:24)
    	at org.gradle.internal.dispatch.ContextClassLoaderDispatch.dispatch(ContextClassLoaderDispatch.java:32)
    	at org.gradle.internal.dispatch.ProxyDispatchAdapter$DispatchingInvocationHandler.invoke(ProxyDispatchAdapter.java:93)
    	at com.sun.proxy.$Proxy3.processTestClass(Unknown Source)
    	at org.gradle.api.internal.tasks.testing.worker.TestWorker.processTestClass(TestWorker.java:109)
    	at sun.reflect.NativeMethodAccessorImpl.invoke0(Native Method)
    	at sun.reflect.NativeMethodAccessorImpl.invoke(NativeMethodAccessorImpl.java:62)
    	at sun.reflect.DelegatingMethodAccessorImpl.invoke(DelegatingMethodAccessorImpl.java:43)
    	at java.lang.reflect.Method.invoke(Method.java:498)
    	at org.gradle.internal.dispatch.ReflectionDispatch.dispatch(ReflectionDispatch.java:35)
    	at org.gradle.internal.dispatch.ReflectionDispatch.dispatch(ReflectionDispatch.java:24)
    	at org.gradle.internal.remote.internal.hub.MessageHubBackedObjectConnection$DispatchWrapper.dispatch(MessageHubBackedObjectConnection.java:147)
    	at org.gradle.internal.remote.internal.hub.MessageHubBackedObjectConnection$DispatchWrapper.dispatch(MessageHubBackedObjectConnection.java:129)
    	at org.gradle.internal.remote.internal.hub.MessageHub$Handler.run(MessageHub.java:404)
    	at org.gradle.internal.concurrent.ExecutorPolicy$CatchAndRecordFailures.onExecute(ExecutorPolicy.java:63)
    	at org.gradle.internal.concurrent.StoppableExecutorImpl$1.run(StoppableExecutorImpl.java:46)
    	at java.util.concurrent.ThreadPoolExecutor.runWorker(ThreadPoolExecutor.java:1142)
    	at java.util.concurrent.ThreadPoolExecutor$Worker.run(ThreadPoolExecutor.java:617)
    	at java.lang.Thread.run(Thread.java:745)
    Caused by: java.lang.reflect.InvocationTargetException
    	at sun.reflect.NativeConstructorAccessorImpl.newInstance0(Native Method)
    	at sun.reflect.NativeConstructorAccessorImpl.newInstance(NativeConstructorAccessorImpl.java:62)
    	at sun.reflect.DelegatingConstructorAccessorImpl.newInstance(DelegatingConstructorAccessorImpl.java:45)
    	at java.lang.reflect.Constructor.newInstance(Constructor.java:423)
    	at cucumber.runtime.java.DefaultJavaObjectFactory.cacheNewInstance(DefaultJavaObjectFactory.java:41)
    	... 55 more
    Caused by: java.lang.IllegalStateException: The path to the driver executable must be set by the webdriver.chrome.driver system property; for more information, see http://code.google.com/p/selenium/wiki/ChromeDriver. The latest version can be downloaded from http://chromedriver.storage.googleapis.com/index.html
    	at com.google.common.base.Preconditions.checkState(Preconditions.java:469)
    	at org.openqa.selenium.remote.service.DriverService.findExecutable(DriverService.java:105)
    	at org.openqa.selenium.chrome.ChromeDriverService.createDefaultService(ChromeDriverService.java:89)
    	at org.openqa.selenium.chrome.ChromeDriver.<init>(ChromeDriver.java:117)
    	at ohtu.Stepdefs.<init>(Stepdefs.java:14)
    	... 60 more
    [0m
          [31mcucumber.runtime.CucumberException: Failed to instantiate class ohtu.Stepdefs
          	at cucumber.runtime.java.DefaultJavaObjectFactory.cacheNewInstance(DefaultJavaObjectFactory.java:47)
          	at cucumber.runtime.java.DefaultJavaObjectFactory.getInstance(DefaultJavaObjectFactory.java:33)
          	at cucumber.runtime.java.JavaHookDefinition.execute(JavaHookDefinition.java:60)
          	at cucumber.runtime.Runtime.runHookIfTagsMatch(Runtime.java:224)
          	at cucumber.runtime.Runtime.runHooks(Runtime.java:212)
          	at cucumber.runtime.Runtime.runAfterHooks(Runtime.java:206)
          	at cucumber.runtime.model.CucumberScenario.run(CucumberScenario.java:46)
          	at cucumber.runtime.junit.ExecutionUnitRunner.run(ExecutionUnitRunner.java:102)
          	at cucumber.runtime.junit.FeatureRunner.runChild(FeatureRunner.java:63)
          	at cucumber.runtime.junit.FeatureRunner.runChild(FeatureRunner.java:18)
          	at org.junit.runners.ParentRunner$3.run(ParentRunner.java:290)
          	at org.junit.runners.ParentRunner$1.schedule(ParentRunner.java:71)
          	at org.junit.runners.ParentRunner.runChildren(ParentRunner.java:288)
          	at org.junit.runners.ParentRunner.access$000(ParentRunner.java:58)
          	at org.junit.runners.ParentRunner$2.evaluate(ParentRunner.java:268)
          	at org.junit.runners.ParentRunner.run(ParentRunner.java:363)
          	at cucumber.runtime.junit.FeatureRunner.run(FeatureRunner.java:70)
          	at cucumber.api.junit.Cucumber.runChild(Cucumber.java:95)
          	at cucumber.api.junit.Cucumber.runChild(Cucumber.java:38)
          	at org.junit.runners.ParentRunner$3.run(ParentRunner.java:290)
          	at org.junit.runners.ParentRunner$1.schedule(ParentRunner.java:71)
          	at org.junit.runners.ParentRunner.runChildren(ParentRunner.java:288)
          	at org.junit.runners.ParentRunner.access$000(ParentRunner.java:58)
          	at org.junit.runners.ParentRunner$2.evaluate(ParentRunner.java:268)
          	at org.junit.rules.ExternalResource$1.evaluate(ExternalResource.java:48)
          	at org.junit.rules.RunRules.evaluate(RunRules.java:20)
          	at org.junit.runners.ParentRunner.run(ParentRunner.java:363)
          	at cucumber.api.junit.Cucumber.run(Cucumber.java:100)
          	at org.gradle.api.internal.tasks.testing.junit.JUnitTestClassExecuter.runTestClass(JUnitTestClassExecuter.java:114)
          	at org.gradle.api.internal.tasks.testing.junit.JUnitTestClassExecuter.execute(JUnitTestClassExecuter.java:57)
          	at org.gradle.api.internal.tasks.testing.junit.JUnitTestClassProcessor.processTestClass(JUnitTestClassProcessor.java:66)
          	at org.gradle.api.internal.tasks.testing.SuiteTestClassProcessor.processTestClass(SuiteTestClassProcessor.java:51)
          	at sun.reflect.NativeMethodAccessorImpl.invoke0(Native Method)
          	at sun.reflect.NativeMethodAccessorImpl.invoke(NativeMethodAccessorImpl.java:62)
          	at sun.reflect.DelegatingMethodAccessorImpl.invoke(DelegatingMethodAccessorImpl.java:43)
          	at java.lang.reflect.Method.invoke(Method.java:498)
          	at org.gradle.internal.dispatch.ReflectionDispatch.dispatch(ReflectionDispatch.java:35)
          	at org.gradle.internal.dispatch.ReflectionDispatch.dispatch(ReflectionDispatch.java:24)
          	at org.gradle.internal.dispatch.ContextClassLoaderDispatch.dispatch(ContextClassLoaderDispatch.java:32)
          	at org.gradle.internal.dispatch.ProxyDispatchAdapter$DispatchingInvocationHandler.invoke(ProxyDispatchAdapter.java:93)
          	at com.sun.proxy.$Proxy3.processTestClass(Unknown Source)
          	at org.gradle.api.internal.tasks.testing.worker.TestWorker.processTestClass(TestWorker.java:109)
          	at sun.reflect.NativeMethodAccessorImpl.invoke0(Native Method)
          	at sun.reflect.NativeMethodAccessorImpl.invoke(NativeMethodAccessorImpl.java:62)
          	at sun.reflect.DelegatingMethodAccessorImpl.invoke(DelegatingMethodAccessorImpl.java:43)
          	at java.lang.reflect.Method.invoke(Method.java:498)
          	at org.gradle.internal.dispatch.ReflectionDispatch.dispatch(ReflectionDispatch.java:35)
          	at org.gradle.internal.dispatch.ReflectionDispatch.dispatch(ReflectionDispatch.java:24)
          	at org.gradle.internal.remote.internal.hub.MessageHubBackedObjectConnection$DispatchWrapper.dispatch(MessageHubBackedObjectConnection.java:147)
          	at org.gradle.internal.remote.internal.hub.MessageHubBackedObjectConnection$DispatchWrapper.dispatch(MessageHubBackedObjectConnection.java:129)
          	at org.gradle.internal.remote.internal.hub.MessageHub$Handler.run(MessageHub.java:404)
          	at org.gradle.internal.concurrent.ExecutorPolicy$CatchAndRecordFailures.onExecute(ExecutorPolicy.java:63)
          	at org.gradle.internal.concurrent.StoppableExecutorImpl$1.run(StoppableExecutorImpl.java:46)
          	at java.util.concurrent.ThreadPoolExecutor.runWorker(ThreadPoolExecutor.java:1142)
          	at java.util.concurrent.ThreadPoolExecutor$Worker.run(ThreadPoolExecutor.java:617)
          	at java.lang.Thread.run(Thread.java:745)
          Caused by: java.lang.reflect.InvocationTargetException
          	at sun.reflect.NativeConstructorAccessorImpl.newInstance0(Native Method)
          	at sun.reflect.NativeConstructorAccessorImpl.newInstance(NativeConstructorAccessorImpl.java:62)
          	at sun.reflect.DelegatingConstructorAccessorImpl.newInstance(DelegatingConstructorAccessorImpl.java:45)
          	at java.lang.reflect.Constructor.newInstance(Constructor.java:423)
          	at cucumber.runtime.java.DefaultJavaObjectFactory.cacheNewInstance(DefaultJavaObjectFactory.java:41)
          	... 55 more
          Caused by: java.lang.IllegalStateException: The path to the driver executable must be set by the webdriver.chrome.driver system property; for more information, see http://code.google.com/p/selenium/wiki/ChromeDriver. The latest version can be downloaded from http://chromedriver.storage.googleapis.com/index.html
          	at com.google.common.base.Preconditions.checkState(Preconditions.java:469)
          	at org.openqa.selenium.remote.service.DriverService.findExecutable(DriverService.java:105)
          	at org.openqa.selenium.chrome.ChromeDriverService.createDefaultService(ChromeDriverService.java:89)
          	at org.openqa.selenium.chrome.ChromeDriver.<init>(ChromeDriver.java:117)
          	at ohtu.Stepdefs.<init>(Stepdefs.java:14)
          	... 60 more
          [0m

ohtu.RunCukesTest > Scenario: user can not login with incorrect password.classMethod FAILED
    cucumber.runtime.CucumberException
        Caused by: java.lang.reflect.InvocationTargetException
            Caused by: java.lang.IllegalStateException
    cucumber.runtime.CucumberException
        Caused by: java.lang.reflect.InvocationTargetException
            Caused by: java.lang.IllegalStateException

ohtu.RunCukesTest STANDARD_OUT

      Scenario: user can not login with incorrect password      [90m# ohtu/logging_in_antipattern.feature:8[0m
        [31mGiven [0m[31mlogin is selected[0m                                 [90m# Stepdefs.login_selected()[0m
          [31mcucumber.runtime.CucumberException: Failed to instantiate class ohtu.Stepdefs
          	at cucumber.runtime.java.DefaultJavaObjectFactory.cacheNewInstance(DefaultJavaObjectFactory.java:47)
          	at cucumber.runtime.java.DefaultJavaObjectFactory.getInstance(DefaultJavaObjectFactory.java:33)
          	at cucumber.runtime.java.JavaStepDefinition.execute(JavaStepDefinition.java:38)
          	at cucumber.runtime.StepDefinitionMatch.runStep(StepDefinitionMatch.java:37)
          	at cucumber.runtime.Runtime.runStep(Runtime.java:300)
          	at cucumber.runtime.model.StepContainer.runStep(StepContainer.java:44)
          	at cucumber.runtime.model.StepContainer.runSteps(StepContainer.java:39)
          	at cucumber.runtime.model.CucumberScenario.run(CucumberScenario.java:44)
          	at cucumber.runtime.junit.ExecutionUnitRunner.run(ExecutionUnitRunner.java:102)
          	at cucumber.runtime.junit.FeatureRunner.runChild(FeatureRunner.java:63)
          	at cucumber.runtime.junit.FeatureRunner.runChild(FeatureRunner.java:18)
          	at org.junit.runners.ParentRunner$3.run(ParentRunner.java:290)
          	at org.junit.runners.ParentRunner$1.schedule(ParentRunner.java:71)
          	at org.junit.runners.ParentRunner.runChildren(ParentRunner.java:288)
          	at org.junit.runners.ParentRunner.access$000(ParentRunner.java:58)
          	at org.junit.runners.ParentRunner$2.evaluate(ParentRunner.java:268)
          	at org.junit.runners.ParentRunner.run(ParentRunner.java:363)
          	at cucumber.runtime.junit.FeatureRunner.run(FeatureRunner.java:70)
          	at cucumber.api.junit.Cucumber.runChild(Cucumber.java:95)
          	at cucumber.api.junit.Cucumber.runChild(Cucumber.java:38)
          	at org.junit.runners.ParentRunner$3.run(ParentRunner.java:290)
          	at org.junit.runners.ParentRunner$1.schedule(ParentRunner.java:71)
          	at org.junit.runners.ParentRunner.runChildren(ParentRunner.java:288)
          	at org.junit.runners.ParentRunner.access$000(ParentRunner.java:58)
          	at org.junit.runners.ParentRunner$2.evaluate(ParentRunner.java:268)
          	at org.junit.rules.ExternalResource$1.evaluate(ExternalResource.java:48)
          	at org.junit.rules.RunRules.evaluate(RunRules.java:20)
          	at org.junit.runners.ParentRunner.run(ParentRunner.java:363)
          	at cucumber.api.junit.Cucumber.run(Cucumber.java:100)
          	at org.gradle.api.internal.tasks.testing.junit.JUnitTestClassExecuter.runTestClass(JUnitTestClassExecuter.java:114)
          	at org.gradle.api.internal.tasks.testing.junit.JUnitTestClassExecuter.execute(JUnitTestClassExecuter.java:57)
          	at org.gradle.api.internal.tasks.testing.junit.JUnitTestClassProcessor.processTestClass(JUnitTestClassProcessor.java:66)
          	at org.gradle.api.internal.tasks.testing.SuiteTestClassProcessor.processTestClass(SuiteTestClassProcessor.java:51)
          	at sun.reflect.NativeMethodAccessorImpl.invoke0(Native Method)
          	at sun.reflect.NativeMethodAccessorImpl.invoke(NativeMethodAccessorImpl.java:62)
          	at sun.reflect.DelegatingMethodAccessorImpl.invoke(DelegatingMethodAccessorImpl.java:43)
          	at java.lang.reflect.Method.invoke(Method.java:498)
          	at org.gradle.internal.dispatch.ReflectionDispatch.dispatch(ReflectionDispatch.java:35)
          	at org.gradle.internal.dispatch.ReflectionDispatch.dispatch(ReflectionDispatch.java:24)
          	at org.gradle.internal.dispatch.ContextClassLoaderDispatch.dispatch(ContextClassLoaderDispatch.java:32)
          	at org.gradle.internal.dispatch.ProxyDispatchAdapter$DispatchingInvocationHandler.invoke(ProxyDispatchAdapter.java:93)
          	at com.sun.proxy.$Proxy3.processTestClass(Unknown Source)
          	at org.gradle.api.internal.tasks.testing.worker.TestWorker.processTestClass(TestWorker.java:109)
          	at sun.reflect.NativeMethodAccessorImpl.invoke0(Native Method)
          	at sun.reflect.NativeMethodAccessorImpl.invoke(NativeMethodAccessorImpl.java:62)
          	at sun.reflect.DelegatingMethodAccessorImpl.invoke(DelegatingMethodAccessorImpl.java:43)
          	at java.lang.reflect.Method.invoke(Method.java:498)
          	at org.gradle.internal.dispatch.ReflectionDispatch.dispatch(ReflectionDispatch.java:35)
          	at org.gradle.internal.dispatch.ReflectionDispatch.dispatch(ReflectionDispatch.java:24)
          	at org.gradle.internal.remote.internal.hub.MessageHubBackedObjectConnection$DispatchWrapper.dispatch(MessageHubBackedObjectConnection.java:147)
          	at org.gradle.internal.remote.internal.hub.MessageHubBackedObjectConnection$DispatchWrapper.dispatch(MessageHubBackedObjectConnection.java:129)
          	at org.gradle.internal.remote.internal.hub.MessageHub$Handler.run(MessageHub.java:404)
          	at org.gradle.internal.concurrent.ExecutorPolicy$CatchAndRecordFailures.onExecute(ExecutorPolicy.java:63)
          	at org.gradle.internal.concurrent.StoppableExecutorImpl$1.run(StoppableExecutorImpl.java:46)
          	at java.util.concurrent.ThreadPoolExecutor.runWorker(ThreadPoolExecutor.java:1142)
          	at java.util.concurrent.ThreadPoolExecutor$Worker.run(ThreadPoolExecutor.java:617)
          	at java.lang.Thread.run(Thread.java:745)
          Caused by: java.lang.reflect.InvocationTargetException
          	at sun.reflect.NativeConstructorAccessorImpl.newInstance0(Native Method)
          	at sun.reflect.NativeConstructorAccessorImpl.newInstance(NativeConstructorAccessorImpl.java:62)
          	at sun.reflect.DelegatingConstructorAccessorImpl.newInstance(DelegatingConstructorAccessorImpl.java:45)
          	at java.lang.reflect.Constructor.newInstance(Constructor.java:423)
          	at cucumber.runtime.java.DefaultJavaObjectFactory.cacheNewInstance(DefaultJavaObjectFactory.java:41)
          	... 56 more
          Caused by: java.lang.IllegalStateException: The path to the driver executable must be set by the webdriver.chrome.driver system property; for more information, see http://code.google.com/p/selenium/wiki/ChromeDriver. The latest version can be downloaded from http://chromedriver.storage.googleapis.com/index.html
          	at com.google.common.base.Preconditions.checkState(Preconditions.java:469)
          	at org.openqa.selenium.remote.service.DriverService.findExecutable(DriverService.java:105)
          	at org.openqa.selenium.chrome.ChromeDriverService.createDefaultService(ChromeDriverService.java:89)
          	at org.openqa.selenium.chrome.ChromeDriver.<init>(ChromeDriver.java:117)
          	at ohtu.Stepdefs.<init>(Stepdefs.java:14)
          	... 61 more
          [0m
        [36mWhen [0m[36musername "[0m[36m[1mjukka[0m[36m" and password "[0m[36m[1mwrong[0m[36m" are given[0m    [90m# Stepdefs.username_and_password_are_given(String,String)[0m
        [36mThen [0m[36msystem will respond "[0m[36m[1minvalid username or password[0m[36m"[0m [90m# Stepdefs.system_will_respond(String)[0m

ohtu.RunCukesTest STANDARD_ERROR
    [Test worker] INFO spark.webserver.SparkServer - >>> Spark shutting down ...
    [Test worker] INFO org.eclipse.jetty.server.Server - Graceful shutdown org.eclipse.jetty.server.Server@4d1fe826 by 
    [Test worker] INFO org.eclipse.jetty.server.ServerConnector - Stopped ServerConnector@287e57d3{HTTP/1.1}{0.0.0.0:4567}
    [Test worker] INFO spark.webserver.SparkServer - done

ohtu.RunCukesTest STANDARD_OUT

    [31mFailed scenarios:[0m
    [31mohtu/logging_in.feature:3 [0m# Scenario: user can login with correct password
    [31mohtu/logging_in.feature:8 [0m# Scenario: user can not login with incorrect password
    [31mohtu/logging_in_antipattern.feature:3 [0m# Scenario: user can login with correct password
    [31mohtu/logging_in_antipattern.feature:8 [0m# Scenario: user can not login with incorrect password

    4 Scenarios ([31m4 failed[0m)
    12 Steps ([31m4 failed[0m, [36m8 skipped[0m)
    0m0.197s

    cucumber.runtime.CucumberException: Failed to instantiate class ohtu.Stepdefs
    	at cucumber.runtime.java.DefaultJavaObjectFactory.cacheNewInstance(DefaultJavaObjectFactory.java:47)
    	at cucumber.runtime.java.DefaultJavaObjectFactory.getInstance(DefaultJavaObjectFactory.java:33)
    	at cucumber.runtime.java.JavaStepDefinition.execute(JavaStepDefinition.java:38)
    	at cucumber.runtime.StepDefinitionMatch.runStep(StepDefinitionMatch.java:37)
    	at cucumber.runtime.Runtime.runStep(Runtime.java:300)
    	at cucumber.runtime.model.StepContainer.runStep(StepContainer.java:44)
    	at cucumber.runtime.model.StepContainer.runSteps(StepContainer.java:39)
    	at cucumber.runtime.model.CucumberScenario.run(CucumberScenario.java:44)
    	at cucumber.runtime.junit.ExecutionUnitRunner.run(ExecutionUnitRunner.java:102)
    	at cucumber.runtime.junit.FeatureRunner.runChild(FeatureRunner.java:63)
    	at cucumber.runtime.junit.FeatureRunner.runChild(FeatureRunner.java:18)
    	at org.junit.runners.ParentRunner$3.run(ParentRunner.java:290)
    	at org.junit.runners.ParentRunner$1.schedule(ParentRunner.java:71)
    	at org.junit.runners.ParentRunner.runChildren(ParentRunner.java:288)
    	at org.junit.runners.ParentRunner.access$000(ParentRunner.java:58)
    	at org.junit.runners.ParentRunner$2.evaluate(ParentRunner.java:268)
    	at org.junit.runners.ParentRunner.run(ParentRunner.java:363)
    	at cucumber.runtime.junit.FeatureRunner.run(FeatureRunner.java:70)
    	at cucumber.api.junit.Cucumber.runChild(Cucumber.java:95)
    	at cucumber.api.junit.Cucumber.runChild(Cucumber.java:38)
    	at org.junit.runners.ParentRunner$3.run(ParentRunner.java:290)
    	at org.junit.runners.ParentRunner$1.schedule(ParentRunner.java:71)
    	at org.junit.runners.ParentRunner.runChildren(ParentRunner.java:288)
    	at org.junit.runners.ParentRunner.access$000(ParentRunner.java:58)
    	at org.junit.runners.ParentRunner$2.evaluate(ParentRunner.java:268)
    	at org.junit.rules.ExternalResource$1.evaluate(ExternalResource.java:48)
    	at org.junit.rules.RunRules.evaluate(RunRules.java:20)
    	at org.junit.runners.ParentRunner.run(ParentRunner.java:363)
    	at cucumber.api.junit.Cucumber.run(Cucumber.java:100)
    	at org.gradle.api.internal.tasks.testing.junit.JUnitTestClassExecuter.runTestClass(JUnitTestClassExecuter.java:114)
    	at org.gradle.api.internal.tasks.testing.junit.JUnitTestClassExecuter.execute(JUnitTestClassExecuter.java:57)
    	at org.gradle.api.internal.tasks.testing.junit.JUnitTestClassProcessor.processTestClass(JUnitTestClassProcessor.java:66)
    	at org.gradle.api.internal.tasks.testing.SuiteTestClassProcessor.processTestClass(SuiteTestClassProcessor.java:51)
    	at sun.reflect.NativeMethodAccessorImpl.invoke0(Native Method)
    	at sun.reflect.NativeMethodAccessorImpl.invoke(NativeMethodAccessorImpl.java:62)
    	at sun.reflect.DelegatingMethodAccessorImpl.invoke(DelegatingMethodAccessorImpl.java:43)
    	at java.lang.reflect.Method.invoke(Method.java:498)
    	at org.gradle.internal.dispatch.ReflectionDispatch.dispatch(ReflectionDispatch.java:35)
    	at org.gradle.internal.dispatch.ReflectionDispatch.dispatch(ReflectionDispatch.java:24)
    	at org.gradle.internal.dispatch.ContextClassLoaderDispatch.dispatch(ContextClassLoaderDispatch.java:32)
    	at org.gradle.internal.dispatch.ProxyDispatchAdapter$DispatchingInvocationHandler.invoke(ProxyDispatchAdapter.java:93)
    	at com.sun.proxy.$Proxy3.processTestClass(Unknown Source)
    	at org.gradle.api.internal.tasks.testing.worker.TestWorker.processTestClass(TestWorker.java:109)
    	at sun.reflect.NativeMethodAccessorImpl.invoke0(Native Method)
    	at sun.reflect.NativeMethodAccessorImpl.invoke(NativeMethodAccessorImpl.java:62)
    	at sun.reflect.DelegatingMethodAccessorImpl.invoke(DelegatingMethodAccessorImpl.java:43)
    	at java.lang.reflect.Method.invoke(Method.java:498)
    	at org.gradle.internal.dispatch.ReflectionDispatch.dispatch(ReflectionDispatch.java:35)
    	at org.gradle.internal.dispatch.ReflectionDispatch.dispatch(ReflectionDispatch.java:24)
    	at org.gradle.internal.remote.internal.hub.MessageHubBackedObjectConnection$DispatchWrapper.dispatch(MessageHubBackedObjectConnection.java:147)
    	at org.gradle.internal.remote.internal.hub.MessageHubBackedObjectConnection$DispatchWrapper.dispatch(MessageHubBackedObjectConnection.java:129)
    	at org.gradle.internal.remote.internal.hub.MessageHub$Handler.run(MessageHub.java:404)
    	at org.gradle.internal.concurrent.ExecutorPolicy$CatchAndRecordFailures.onExecute(ExecutorPolicy.java:63)
    	at org.gradle.internal.concurrent.StoppableExecutorImpl$1.run(StoppableExecutorImpl.java:46)
    	at java.util.concurrent.ThreadPoolExecutor.runWorker(ThreadPoolExecutor.java:1142)
    	at java.util.concurrent.ThreadPoolExecutor$Worker.run(ThreadPoolExecutor.java:617)
    	at java.lang.Thread.run(Thread.java:745)
    Caused by: java.lang.reflect.InvocationTargetException
    	at sun.reflect.NativeConstructorAccessorImpl.newInstance0(Native Method)
    	at sun.reflect.NativeConstructorAccessorImpl.newInstance(NativeConstructorAccessorImpl.java:62)
    	at sun.reflect.DelegatingConstructorAccessorImpl.newInstance(DelegatingConstructorAccessorImpl.java:45)
    	at java.lang.reflect.Constructor.newInstance(Constructor.java:423)
    	at cucumber.runtime.java.DefaultJavaObjectFactory.cacheNewInstance(DefaultJavaObjectFactory.java:41)
    	... 56 more
    Caused by: java.lang.IllegalStateException: The path to the driver executable must be set by the webdriver.chrome.driver system property; for more information, see http://code.google.com/p/selenium/wiki/ChromeDriver. The latest version can be downloaded from http://chromedriver.storage.googleapis.com/index.html
    	at com.google.common.base.Preconditions.checkState(Preconditions.java:469)
    	at org.openqa.selenium.remote.service.DriverService.findExecutable(DriverService.java:105)
    	at org.openqa.selenium.chrome.ChromeDriverService.createDefaultService(ChromeDriverService.java:89)
    	at org.openqa.selenium.chrome.ChromeDriver.<init>(ChromeDriver.java:117)
    	at ohtu.Stepdefs.<init>(Stepdefs.java:14)
    	... 61 more

    cucumber.runtime.CucumberException: Failed to instantiate class ohtu.Stepdefs
    	at cucumber.runtime.java.DefaultJavaObjectFactory.cacheNewInstance(DefaultJavaObjectFactory.java:47)
    	at cucumber.runtime.java.DefaultJavaObjectFactory.getInstance(DefaultJavaObjectFactory.java:33)
    	at cucumber.runtime.java.JavaHookDefinition.execute(JavaHookDefinition.java:60)
    	at cucumber.runtime.Runtime.runHookIfTagsMatch(Runtime.java:224)
    	at cucumber.runtime.Runtime.runHooks(Runtime.java:212)
    	at cucumber.runtime.Runtime.runAfterHooks(Runtime.java:206)
    	at cucumber.runtime.model.CucumberScenario.run(CucumberScenario.java:46)
    	at cucumber.runtime.junit.ExecutionUnitRunner.run(ExecutionUnitRunner.java:102)
    	at cucumber.runtime.junit.FeatureRunner.runChild(FeatureRunner.java:63)
    	at cucumber.runtime.junit.FeatureRunner.runChild(FeatureRunner.java:18)
    	at org.junit.runners.ParentRunner$3.run(ParentRunner.java:290)
    	at org.junit.runners.ParentRunner$1.schedule(ParentRunner.java:71)
    	at org.junit.runners.ParentRunner.runChildren(ParentRunner.java:288)
    	at org.junit.runners.ParentRunner.access$000(ParentRunner.java:58)
    	at org.junit.runners.ParentRunner$2.evaluate(ParentRunner.java:268)
    	at org.junit.runners.ParentRunner.run(ParentRunner.java:363)
    	at cucumber.runtime.junit.FeatureRunner.run(FeatureRunner.java:70)
    	at cucumber.api.junit.Cucumber.runChild(Cucumber.java:95)
    	at cucumber.api.junit.Cucumber.runChild(Cucumber.java:38)
    	at org.junit.runners.ParentRunner$3.run(ParentRunner.java:290)
    	at org.junit.runners.ParentRunner$1.schedule(ParentRunner.java:71)
    	at org.junit.runners.ParentRunner.runChildren(ParentRunner.java:288)
    	at org.junit.runners.ParentRunner.access$000(ParentRunner.java:58)
    	at org.junit.runners.ParentRunner$2.evaluate(ParentRunner.java:268)
    	at org.junit.rules.ExternalResource$1.evaluate(ExternalResource.java:48)
    	at org.junit.rules.RunRules.evaluate(RunRules.java:20)
    	at org.junit.runners.ParentRunner.run(ParentRunner.java:363)
    	at cucumber.api.junit.Cucumber.run(Cucumber.java:100)
    	at org.gradle.api.internal.tasks.testing.junit.JUnitTestClassExecuter.runTestClass(JUnitTestClassExecuter.java:114)
    	at org.gradle.api.internal.tasks.testing.junit.JUnitTestClassExecuter.execute(JUnitTestClassExecuter.java:57)
    	at org.gradle.api.internal.tasks.testing.junit.JUnitTestClassProcessor.processTestClass(JUnitTestClassProcessor.java:66)
    	at org.gradle.api.internal.tasks.testing.SuiteTestClassProcessor.processTestClass(SuiteTestClassProcessor.java:51)
    	at sun.reflect.NativeMethodAccessorImpl.invoke0(Native Method)
    	at sun.reflect.NativeMethodAccessorImpl.invoke(NativeMethodAccessorImpl.java:62)
    	at sun.reflect.DelegatingMethodAccessorImpl.invoke(DelegatingMethodAccessorImpl.java:43)
    	at java.lang.reflect.Method.invoke(Method.java:498)
    	at org.gradle.internal.dispatch.ReflectionDispatch.dispatch(ReflectionDispatch.java:35)
    	at org.gradle.internal.dispatch.ReflectionDispatch.dispatch(ReflectionDispatch.java:24)
    	at org.gradle.internal.dispatch.ContextClassLoaderDispatch.dispatch(ContextClassLoaderDispatch.java:32)
    	at org.gradle.internal.dispatch.ProxyDispatchAdapter$DispatchingInvocationHandler.invoke(ProxyDispatchAdapter.java:93)
    	at com.sun.proxy.$Proxy3.processTestClass(Unknown Source)
    	at org.gradle.api.internal.tasks.testing.worker.TestWorker.processTestClass(TestWorker.java:109)
    	at sun.reflect.NativeMethodAccessorImpl.invoke0(Native Method)
    	at sun.reflect.NativeMethodAccessorImpl.invoke(NativeMethodAccessorImpl.java:62)
    	at sun.reflect.DelegatingMethodAccessorImpl.invoke(DelegatingMethodAccessorImpl.java:43)
    	at java.lang.reflect.Method.invoke(Method.java:498)
    	at org.gradle.internal.dispatch.ReflectionDispatch.dispatch(ReflectionDispatch.java:35)
    	at org.gradle.internal.dispatch.ReflectionDispatch.dispatch(ReflectionDispatch.java:24)
    	at org.gradle.internal.remote.internal.hub.MessageHubBackedObjectConnection$DispatchWrapper.dispatch(MessageHubBackedObjectConnection.java:147)
    	at org.gradle.internal.remote.internal.hub.MessageHubBackedObjectConnection$DispatchWrapper.dispatch(MessageHubBackedObjectConnection.java:129)
    	at org.gradle.internal.remote.internal.hub.MessageHub$Handler.run(MessageHub.java:404)
    	at org.gradle.internal.concurrent.ExecutorPolicy$CatchAndRecordFailures.onExecute(ExecutorPolicy.java:63)
    	at org.gradle.internal.concurrent.StoppableExecutorImpl$1.run(StoppableExecutorImpl.java:46)
    	at java.util.concurrent.ThreadPoolExecutor.runWorker(ThreadPoolExecutor.java:1142)
    	at java.util.concurrent.ThreadPoolExecutor$Worker.run(ThreadPoolExecutor.java:617)
    	at java.lang.Thread.run(Thread.java:745)
    Caused by: java.lang.reflect.InvocationTargetException
    	at sun.reflect.NativeConstructorAccessorImpl.newInstance0(Native Method)
    	at sun.reflect.NativeConstructorAccessorImpl.newInstance(NativeConstructorAccessorImpl.java:62)
    	at sun.reflect.DelegatingConstructorAccessorImpl.newInstance(DelegatingConstructorAccessorImpl.java:45)
    	at java.lang.reflect.Constructor.newInstance(Constructor.java:423)
    	at cucumber.runtime.java.DefaultJavaObjectFactory.cacheNewInstance(DefaultJavaObjectFactory.java:41)
    	... 55 more
    Caused by: java.lang.IllegalStateException: The path to the driver executable must be set by the webdriver.chrome.driver system property; for more information, see http://code.google.com/p/selenium/wiki/ChromeDriver. The latest version can be downloaded from http://chromedriver.storage.googleapis.com/index.html
    	at com.google.common.base.Preconditions.checkState(Preconditions.java:469)
    	at org.openqa.selenium.remote.service.DriverService.findExecutable(DriverService.java:105)
    	at org.openqa.selenium.chrome.ChromeDriverService.createDefaultService(ChromeDriverService.java:89)
    	at org.openqa.selenium.chrome.ChromeDriver.<init>(ChromeDriver.java:117)
    	at ohtu.Stepdefs.<init>(Stepdefs.java:14)
    	... 60 more

    cucumber.runtime.CucumberException: Failed to instantiate class ohtu.Stepdefs
    	at cucumber.runtime.java.DefaultJavaObjectFactory.cacheNewInstance(DefaultJavaObjectFactory.java:47)
    	at cucumber.runtime.java.DefaultJavaObjectFactory.getInstance(DefaultJavaObjectFactory.java:33)
    	at cucumber.runtime.java.JavaStepDefinition.execute(JavaStepDefinition.java:38)
    	at cucumber.runtime.StepDefinitionMatch.runStep(StepDefinitionMatch.java:37)
    	at cucumber.runtime.Runtime.runStep(Runtime.java:300)
    	at cucumber.runtime.model.StepContainer.runStep(StepContainer.java:44)
    	at cucumber.runtime.model.StepContainer.runSteps(StepContainer.java:39)
    	at cucumber.runtime.model.CucumberScenario.run(CucumberScenario.java:44)
    	at cucumber.runtime.junit.ExecutionUnitRunner.run(ExecutionUnitRunner.java:102)
    	at cucumber.runtime.junit.FeatureRunner.runChild(FeatureRunner.java:63)
    	at cucumber.runtime.junit.FeatureRunner.runChild(FeatureRunner.java:18)
    	at org.junit.runners.ParentRunner$3.run(ParentRunner.java:290)
    	at org.junit.runners.ParentRunner$1.schedule(ParentRunner.java:71)
    	at org.junit.runners.ParentRunner.runChildren(ParentRunner.java:288)
    	at org.junit.runners.ParentRunner.access$000(ParentRunner.java:58)
    	at org.junit.runners.ParentRunner$2.evaluate(ParentRunner.java:268)
    	at org.junit.runners.ParentRunner.run(ParentRunner.java:363)
    	at cucumber.runtime.junit.FeatureRunner.run(FeatureRunner.java:70)
    	at cucumber.api.junit.Cucumber.runChild(Cucumber.java:95)
    	at cucumber.api.junit.Cucumber.runChild(Cucumber.java:38)
    	at org.junit.runners.ParentRunner$3.run(ParentRunner.java:290)
    	at org.junit.runners.ParentRunner$1.schedule(ParentRunner.java:71)
    	at org.junit.runners.ParentRunner.runChildren(ParentRunner.java:288)
    	at org.junit.runners.ParentRunner.access$000(ParentRunner.java:58)
    	at org.junit.runners.ParentRunner$2.evaluate(ParentRunner.java:268)
    	at org.junit.rules.ExternalResource$1.evaluate(ExternalResource.java:48)
    	at org.junit.rules.RunRules.evaluate(RunRules.java:20)
    	at org.junit.runners.ParentRunner.run(ParentRunner.java:363)
    	at cucumber.api.junit.Cucumber.run(Cucumber.java:100)
    	at org.gradle.api.internal.tasks.testing.junit.JUnitTestClassExecuter.runTestClass(JUnitTestClassExecuter.java:114)
    	at org.gradle.api.internal.tasks.testing.junit.JUnitTestClassExecuter.execute(JUnitTestClassExecuter.java:57)
    	at org.gradle.api.internal.tasks.testing.junit.JUnitTestClassProcessor.processTestClass(JUnitTestClassProcessor.java:66)
    	at org.gradle.api.internal.tasks.testing.SuiteTestClassProcessor.processTestClass(SuiteTestClassProcessor.java:51)
    	at sun.reflect.NativeMethodAccessorImpl.invoke0(Native Method)
    	at sun.reflect.NativeMethodAccessorImpl.invoke(NativeMethodAccessorImpl.java:62)
    	at sun.reflect.DelegatingMethodAccessorImpl.invoke(DelegatingMethodAccessorImpl.java:43)
    	at java.lang.reflect.Method.invoke(Method.java:498)
    	at org.gradle.internal.dispatch.ReflectionDispatch.dispatch(ReflectionDispatch.java:35)
    	at org.gradle.internal.dispatch.ReflectionDispatch.dispatch(ReflectionDispatch.java:24)
    	at org.gradle.internal.dispatch.ContextClassLoaderDispatch.dispatch(ContextClassLoaderDispatch.java:32)
    	at org.gradle.internal.dispatch.ProxyDispatchAdapter$DispatchingInvocationHandler.invoke(ProxyDispatchAdapter.java:93)
    	at com.sun.proxy.$Proxy3.processTestClass(Unknown Source)
    	at org.gradle.api.internal.tasks.testing.worker.TestWorker.processTestClass(TestWorker.java:109)
    	at sun.reflect.NativeMethodAccessorImpl.invoke0(Native Method)
    	at sun.reflect.NativeMethodAccessorImpl.invoke(NativeMethodAccessorImpl.java:62)
    	at sun.reflect.DelegatingMethodAccessorImpl.invoke(DelegatingMethodAccessorImpl.java:43)
    	at java.lang.reflect.Method.invoke(Method.java:498)
    	at org.gradle.internal.dispatch.ReflectionDispatch.dispatch(ReflectionDispatch.java:35)
    	at org.gradle.internal.dispatch.ReflectionDispatch.dispatch(ReflectionDispatch.java:24)
    	at org.gradle.internal.remote.internal.hub.MessageHubBackedObjectConnection$DispatchWrapper.dispatch(MessageHubBackedObjectConnection.java:147)
    	at org.gradle.internal.remote.internal.hub.MessageHubBackedObjectConnection$DispatchWrapper.dispatch(MessageHubBackedObjectConnection.java:129)
    	at org.gradle.internal.remote.internal.hub.MessageHub$Handler.run(MessageHub.java:404)
    	at org.gradle.internal.concurrent.ExecutorPolicy$CatchAndRecordFailures.onExecute(ExecutorPolicy.java:63)
    	at org.gradle.internal.concurrent.StoppableExecutorImpl$1.run(StoppableExecutorImpl.java:46)
    	at java.util.concurrent.ThreadPoolExecutor.runWorker(ThreadPoolExecutor.java:1142)
    	at java.util.concurrent.ThreadPoolExecutor$Worker.run(ThreadPoolExecutor.java:617)
    	at java.lang.Thread.run(Thread.java:745)
    Caused by: java.lang.reflect.InvocationTargetException
    	at sun.reflect.NativeConstructorAccessorImpl.newInstance0(Native Method)
    	at sun.reflect.NativeConstructorAccessorImpl.newInstance(NativeConstructorAccessorImpl.java:62)
    	at sun.reflect.DelegatingConstructorAccessorImpl.newInstance(DelegatingConstructorAccessorImpl.java:45)
    	at java.lang.reflect.Constructor.newInstance(Constructor.java:423)
    	at cucumber.runtime.java.DefaultJavaObjectFactory.cacheNewInstance(DefaultJavaObjectFactory.java:41)
    	... 56 more
    Caused by: java.lang.IllegalStateException: The path to the driver executable must be set by the webdriver.chrome.driver system property; for more information, see http://code.google.com/p/selenium/wiki/ChromeDriver. The latest version can be downloaded from http://chromedriver.storage.googleapis.com/index.html
    	at com.google.common.base.Preconditions.checkState(Preconditions.java:469)
    	at org.openqa.selenium.remote.service.DriverService.findExecutable(DriverService.java:105)
    	at org.openqa.selenium.chrome.ChromeDriverService.createDefaultService(ChromeDriverService.java:89)
    	at org.openqa.selenium.chrome.ChromeDriver.<init>(ChromeDriver.java:117)
    	at ohtu.Stepdefs.<init>(Stepdefs.java:14)
    	... 61 more

    cucumber.runtime.CucumberException: Failed to instantiate class ohtu.Stepdefs
    	at cucumber.runtime.java.DefaultJavaObjectFactory.cacheNewInstance(DefaultJavaObjectFactory.java:47)
    	at cucumber.runtime.java.DefaultJavaObjectFactory.getInstance(DefaultJavaObjectFactory.java:33)
    	at cucumber.runtime.java.JavaHookDefinition.execute(JavaHookDefinition.java:60)
    	at cucumber.runtime.Runtime.runHookIfTagsMatch(Runtime.java:224)
    	at cucumber.runtime.Runtime.runHooks(Runtime.java:212)
    	at cucumber.runtime.Runtime.runAfterHooks(Runtime.java:206)
    	at cucumber.runtime.model.CucumberScenario.run(CucumberScenario.java:46)
    	at cucumber.runtime.junit.ExecutionUnitRunner.run(ExecutionUnitRunner.java:102)
    	at cucumber.runtime.junit.FeatureRunner.runChild(FeatureRunner.java:63)
    	at cucumber.runtime.junit.FeatureRunner.runChild(FeatureRunner.java:18)
    	at org.junit.runners.ParentRunner$3.run(ParentRunner.java:290)
    	at org.junit.runners.ParentRunner$1.schedule(ParentRunner.java:71)
    	at org.junit.runners.ParentRunner.runChildren(ParentRunner.java:288)
    	at org.junit.runners.ParentRunner.access$000(ParentRunner.java:58)
    	at org.junit.runners.ParentRunner$2.evaluate(ParentRunner.java:268)
    	at org.junit.runners.ParentRunner.run(ParentRunner.java:363)
    	at cucumber.runtime.junit.FeatureRunner.run(FeatureRunner.java:70)
    	at cucumber.api.junit.Cucumber.runChild(Cucumber.java:95)
    	at cucumber.api.junit.Cucumber.runChild(Cucumber.java:38)
    	at org.junit.runners.ParentRunner$3.run(ParentRunner.java:290)
    	at org.junit.runners.ParentRunner$1.schedule(ParentRunner.java:71)
    	at org.junit.runners.ParentRunner.runChildren(ParentRunner.java:288)
    	at org.junit.runners.ParentRunner.access$000(ParentRunner.java:58)
    	at org.junit.runners.ParentRunner$2.evaluate(ParentRunner.java:268)
    	at org.junit.rules.ExternalResource$1.evaluate(ExternalResource.java:48)
    	at org.junit.rules.RunRules.evaluate(RunRules.java:20)
    	at org.junit.runners.ParentRunner.run(ParentRunner.java:363)
    	at cucumber.api.junit.Cucumber.run(Cucumber.java:100)
    	at org.gradle.api.internal.tasks.testing.junit.JUnitTestClassExecuter.runTestClass(JUnitTestClassExecuter.java:114)
    	at org.gradle.api.internal.tasks.testing.junit.JUnitTestClassExecuter.execute(JUnitTestClassExecuter.java:57)
    	at org.gradle.api.internal.tasks.testing.junit.JUnitTestClassProcessor.processTestClass(JUnitTestClassProcessor.java:66)
    	at org.gradle.api.internal.tasks.testing.SuiteTestClassProcessor.processTestClass(SuiteTestClassProcessor.java:51)
    	at sun.reflect.NativeMethodAccessorImpl.invoke0(Native Method)
    	at sun.reflect.NativeMethodAccessorImpl.invoke(NativeMethodAccessorImpl.java:62)
    	at sun.reflect.DelegatingMethodAccessorImpl.invoke(DelegatingMethodAccessorImpl.java:43)
    	at java.lang.reflect.Method.invoke(Method.java:498)
    	at org.gradle.internal.dispatch.ReflectionDispatch.dispatch(ReflectionDispatch.java:35)
    	at org.gradle.internal.dispatch.ReflectionDispatch.dispatch(ReflectionDispatch.java:24)
    	at org.gradle.internal.dispatch.ContextClassLoaderDispatch.dispatch(ContextClassLoaderDispatch.java:32)
    	at org.gradle.internal.dispatch.ProxyDispatchAdapter$DispatchingInvocationHandler.invoke(ProxyDispatchAdapter.java:93)
    	at com.sun.proxy.$Proxy3.processTestClass(Unknown Source)
    	at org.gradle.api.internal.tasks.testing.worker.TestWorker.processTestClass(TestWorker.java:109)
    	at sun.reflect.NativeMethodAccessorImpl.invoke0(Native Method)
    	at sun.reflect.NativeMethodAccessorImpl.invoke(NativeMethodAccessorImpl.java:62)
    	at sun.reflect.DelegatingMethodAccessorImpl.invoke(DelegatingMethodAccessorImpl.java:43)
    	at java.lang.reflect.Method.invoke(Method.java:498)
    	at org.gradle.internal.dispatch.ReflectionDispatch.dispatch(ReflectionDispatch.java:35)
    	at org.gradle.internal.dispatch.ReflectionDispatch.dispatch(ReflectionDispatch.java:24)
    	at org.gradle.internal.remote.internal.hub.MessageHubBackedObjectConnection$DispatchWrapper.dispatch(MessageHubBackedObjectConnection.java:147)
    	at org.gradle.internal.remote.internal.hub.MessageHubBackedObjectConnection$DispatchWrapper.dispatch(MessageHubBackedObjectConnection.java:129)
    	at org.gradle.internal.remote.internal.hub.MessageHub$Handler.run(MessageHub.java:404)
    	at org.gradle.internal.concurrent.ExecutorPolicy$CatchAndRecordFailures.onExecute(ExecutorPolicy.java:63)
    	at org.gradle.internal.concurrent.StoppableExecutorImpl$1.run(StoppableExecutorImpl.java:46)
    	at java.util.concurrent.ThreadPoolExecutor.runWorker(ThreadPoolExecutor.java:1142)
    	at java.util.concurrent.ThreadPoolExecutor$Worker.run(ThreadPoolExecutor.java:617)
    	at java.lang.Thread.run(Thread.java:745)
    Caused by: java.lang.reflect.InvocationTargetException
    	at sun.reflect.NativeConstructorAccessorImpl.newInstance0(Native Method)
    	at sun.reflect.NativeConstructorAccessorImpl.newInstance(NativeConstructorAccessorImpl.java:62)
    	at sun.reflect.DelegatingConstructorAccessorImpl.newInstance(DelegatingConstructorAccessorImpl.java:45)
    	at java.lang.reflect.Constructor.newInstance(Constructor.java:423)
    	at cucumber.runtime.java.DefaultJavaObjectFactory.cacheNewInstance(DefaultJavaObjectFactory.java:41)
    	... 55 more
    Caused by: java.lang.IllegalStateException: The path to the driver executable must be set by the webdriver.chrome.driver system property; for more information, see http://code.google.com/p/selenium/wiki/ChromeDriver. The latest version can be downloaded from http://chromedriver.storage.googleapis.com/index.html
    	at com.google.common.base.Preconditions.checkState(Preconditions.java:469)
    	at org.openqa.selenium.remote.service.DriverService.findExecutable(DriverService.java:105)
    	at org.openqa.selenium.chrome.ChromeDriverService.createDefaultService(ChromeDriverService.java:89)
    	at org.openqa.selenium.chrome.ChromeDriver.<init>(ChromeDriver.java:117)
    	at ohtu.Stepdefs.<init>(Stepdefs.java:14)
    	... 60 more

    cucumber.runtime.CucumberException: Failed to instantiate class ohtu.Stepdefs
    	at cucumber.runtime.java.DefaultJavaObjectFactory.cacheNewInstance(DefaultJavaObjectFactory.java:47)
    	at cucumber.runtime.java.DefaultJavaObjectFactory.getInstance(DefaultJavaObjectFactory.java:33)
    	at cucumber.runtime.java.JavaStepDefinition.execute(JavaStepDefinition.java:38)
    	at cucumber.runtime.StepDefinitionMatch.runStep(StepDefinitionMatch.java:37)
    	at cucumber.runtime.Runtime.runStep(Runtime.java:300)
    	at cucumber.runtime.model.StepContainer.runStep(StepContainer.java:44)
    	at cucumber.runtime.model.StepContainer.runSteps(StepContainer.java:39)
    	at cucumber.runtime.model.CucumberScenario.run(CucumberScenario.java:44)
    	at cucumber.runtime.junit.ExecutionUnitRunner.run(ExecutionUnitRunner.java:102)
    	at cucumber.runtime.junit.FeatureRunner.runChild(FeatureRunner.java:63)
    	at cucumber.runtime.junit.FeatureRunner.runChild(FeatureRunner.java:18)
    	at org.junit.runners.ParentRunner$3.run(ParentRunner.java:290)
    	at org.junit.runners.ParentRunner$1.schedule(ParentRunner.java:71)
    	at org.junit.runners.ParentRunner.runChildren(ParentRunner.java:288)
    	at org.junit.runners.ParentRunner.access$000(ParentRunner.java:58)
    	at org.junit.runners.ParentRunner$2.evaluate(ParentRunner.java:268)
    	at org.junit.runners.ParentRunner.run(ParentRunner.java:363)
    	at cucumber.runtime.junit.FeatureRunner.run(FeatureRunner.java:70)
    	at cucumber.api.junit.Cucumber.runChild(Cucumber.java:95)
    	at cucumber.api.junit.Cucumber.runChild(Cucumber.java:38)
    	at org.junit.runners.ParentRunner$3.run(ParentRunner.java:290)
    	at org.junit.runners.ParentRunner$1.schedule(ParentRunner.java:71)
    	at org.junit.runners.ParentRunner.runChildren(ParentRunner.java:288)
    	at org.junit.runners.ParentRunner.access$000(ParentRunner.java:58)
    	at org.junit.runners.ParentRunner$2.evaluate(ParentRunner.java:268)
    	at org.junit.rules.ExternalResource$1.evaluate(ExternalResource.java:48)
    	at org.junit.rules.RunRules.evaluate(RunRules.java:20)
    	at org.junit.runners.ParentRunner.run(ParentRunner.java:363)
    	at cucumber.api.junit.Cucumber.run(Cucumber.java:100)
    	at org.gradle.api.internal.tasks.testing.junit.JUnitTestClassExecuter.runTestClass(JUnitTestClassExecuter.java:114)
    	at org.gradle.api.internal.tasks.testing.junit.JUnitTestClassExecuter.execute(JUnitTestClassExecuter.java:57)
    	at org.gradle.api.internal.tasks.testing.junit.JUnitTestClassProcessor.processTestClass(JUnitTestClassProcessor.java:66)
    	at org.gradle.api.internal.tasks.testing.SuiteTestClassProcessor.processTestClass(SuiteTestClassProcessor.java:51)
    	at sun.reflect.NativeMethodAccessorImpl.invoke0(Native Method)
    	at sun.reflect.NativeMethodAccessorImpl.invoke(NativeMethodAccessorImpl.java:62)
    	at sun.reflect.DelegatingMethodAccessorImpl.invoke(DelegatingMethodAccessorImpl.java:43)
    	at java.lang.reflect.Method.invoke(Method.java:498)
    	at org.gradle.internal.dispatch.ReflectionDispatch.dispatch(ReflectionDispatch.java:35)
    	at org.gradle.internal.dispatch.ReflectionDispatch.dispatch(ReflectionDispatch.java:24)
    	at org.gradle.internal.dispatch.ContextClassLoaderDispatch.dispatch(ContextClassLoaderDispatch.java:32)
    	at org.gradle.internal.dispatch.ProxyDispatchAdapter$DispatchingInvocationHandler.invoke(ProxyDispatchAdapter.java:93)
    	at com.sun.proxy.$Proxy3.processTestClass(Unknown Source)
    	at org.gradle.api.internal.tasks.testing.worker.TestWorker.processTestClass(TestWorker.java:109)
    	at sun.reflect.NativeMethodAccessorImpl.invoke0(Native Method)
    	at sun.reflect.NativeMethodAccessorImpl.invoke(NativeMethodAccessorImpl.java:62)
    	at sun.reflect.DelegatingMethodAccessorImpl.invoke(DelegatingMethodAccessorImpl.java:43)
    	at java.lang.reflect.Method.invoke(Method.java:498)
    	at org.gradle.internal.dispatch.ReflectionDispatch.dispatch(ReflectionDispatch.java:35)
    	at org.gradle.internal.dispatch.ReflectionDispatch.dispatch(ReflectionDispatch.java:24)
    	at org.gradle.internal.remote.internal.hub.MessageHubBackedObjectConnection$DispatchWrapper.dispatch(MessageHubBackedObjectConnection.java:147)
    	at org.gradle.internal.remote.internal.hub.MessageHubBackedObjectConnection$DispatchWrapper.dispatch(MessageHubBackedObjectConnection.java:129)
    	at org.gradle.internal.remote.internal.hub.MessageHub$Handler.run(MessageHub.java:404)
    	at org.gradle.internal.concurrent.ExecutorPolicy$CatchAndRecordFailures.onExecute(ExecutorPolicy.java:63)
    	at org.gradle.internal.concurrent.StoppableExecutorImpl$1.run(StoppableExecutorImpl.java:46)
    	at java.util.concurrent.ThreadPoolExecutor.runWorker(ThreadPoolExecutor.java:1142)
    	at java.util.concurrent.ThreadPoolExecutor$Worker.run(ThreadPoolExecutor.java:617)
    	at java.lang.Thread.run(Thread.java:745)
    Caused by: java.lang.reflect.InvocationTargetException
    	at sun.reflect.NativeConstructorAccessorImpl.newInstance0(Native Method)
    	at sun.reflect.NativeConstructorAccessorImpl.newInstance(NativeConstructorAccessorImpl.java:62)
    	at sun.reflect.DelegatingConstructorAccessorImpl.newInstance(DelegatingConstructorAccessorImpl.java:45)
    	at java.lang.reflect.Constructor.newInstance(Constructor.java:423)
    	at cucumber.runtime.java.DefaultJavaObjectFactory.cacheNewInstance(DefaultJavaObjectFactory.java:41)
    	... 56 more
    Caused by: java.lang.IllegalStateException: The path to the driver executable must be set by the webdriver.chrome.driver system property; for more information, see http://code.google.com/p/selenium/wiki/ChromeDriver. The latest version can be downloaded from http://chromedriver.storage.googleapis.com/index.html
    	at com.google.common.base.Preconditions.checkState(Preconditions.java:469)
    	at org.openqa.selenium.remote.service.DriverService.findExecutable(DriverService.java:105)
    	at org.openqa.selenium.chrome.ChromeDriverService.createDefaultService(ChromeDriverService.java:89)
    	at org.openqa.selenium.chrome.ChromeDriver.<init>(ChromeDriver.java:117)
    	at ohtu.Stepdefs.<init>(Stepdefs.java:14)
    	... 61 more

    cucumber.runtime.CucumberException: Failed to instantiate class ohtu.Stepdefs
    	at cucumber.runtime.java.DefaultJavaObjectFactory.cacheNewInstance(DefaultJavaObjectFactory.java:47)
    	at cucumber.runtime.java.DefaultJavaObjectFactory.getInstance(DefaultJavaObjectFactory.java:33)
    	at cucumber.runtime.java.JavaHookDefinition.execute(JavaHookDefinition.java:60)
    	at cucumber.runtime.Runtime.runHookIfTagsMatch(Runtime.java:224)
    	at cucumber.runtime.Runtime.runHooks(Runtime.java:212)
    	at cucumber.runtime.Runtime.runAfterHooks(Runtime.java:206)
    	at cucumber.runtime.model.CucumberScenario.run(CucumberScenario.java:46)
    	at cucumber.runtime.junit.ExecutionUnitRunner.run(ExecutionUnitRunner.java:102)
    	at cucumber.runtime.junit.FeatureRunner.runChild(FeatureRunner.java:63)
    	at cucumber.runtime.junit.FeatureRunner.runChild(FeatureRunner.java:18)
    	at org.junit.runners.ParentRunner$3.run(ParentRunner.java:290)
    	at org.junit.runners.ParentRunner$1.schedule(ParentRunner.java:71)
    	at org.junit.runners.ParentRunner.runChildren(ParentRunner.java:288)
    	at org.junit.runners.ParentRunner.access$000(ParentRunner.java:58)
    	at org.junit.runners.ParentRunner$2.evaluate(ParentRunner.java:268)
    	at org.junit.runners.ParentRunner.run(ParentRunner.java:363)
    	at cucumber.runtime.junit.FeatureRunner.run(FeatureRunner.java:70)
    	at cucumber.api.junit.Cucumber.runChild(Cucumber.java:95)
    	at cucumber.api.junit.Cucumber.runChild(Cucumber.java:38)
    	at org.junit.runners.ParentRunner$3.run(ParentRunner.java:290)
    	at org.junit.runners.ParentRunner$1.schedule(ParentRunner.java:71)
    	at org.junit.runners.ParentRunner.runChildren(ParentRunner.java:288)
    	at org.junit.runners.ParentRunner.access$000(ParentRunner.java:58)
    	at org.junit.runners.ParentRunner$2.evaluate(ParentRunner.java:268)
    	at org.junit.rules.ExternalResource$1.evaluate(ExternalResource.java:48)
    	at org.junit.rules.RunRules.evaluate(RunRules.java:20)
    	at org.junit.runners.ParentRunner.run(ParentRunner.java:363)
    	at cucumber.api.junit.Cucumber.run(Cucumber.java:100)
    	at org.gradle.api.internal.tasks.testing.junit.JUnitTestClassExecuter.runTestClass(JUnitTestClassExecuter.java:114)
    	at org.gradle.api.internal.tasks.testing.junit.JUnitTestClassExecuter.execute(JUnitTestClassExecuter.java:57)
    	at org.gradle.api.internal.tasks.testing.junit.JUnitTestClassProcessor.processTestClass(JUnitTestClassProcessor.java:66)
    	at org.gradle.api.internal.tasks.testing.SuiteTestClassProcessor.processTestClass(SuiteTestClassProcessor.java:51)
    	at sun.reflect.NativeMethodAccessorImpl.invoke0(Native Method)
    	at sun.reflect.NativeMethodAccessorImpl.invoke(NativeMethodAccessorImpl.java:62)
    	at sun.reflect.DelegatingMethodAccessorImpl.invoke(DelegatingMethodAccessorImpl.java:43)
    	at java.lang.reflect.Method.invoke(Method.java:498)
    	at org.gradle.internal.dispatch.ReflectionDispatch.dispatch(ReflectionDispatch.java:35)
    	at org.gradle.internal.dispatch.ReflectionDispatch.dispatch(ReflectionDispatch.java:24)
    	at org.gradle.internal.dispatch.ContextClassLoaderDispatch.dispatch(ContextClassLoaderDispatch.java:32)
    	at org.gradle.internal.dispatch.ProxyDispatchAdapter$DispatchingInvocationHandler.invoke(ProxyDispatchAdapter.java:93)
    	at com.sun.proxy.$Proxy3.processTestClass(Unknown Source)
    	at org.gradle.api.internal.tasks.testing.worker.TestWorker.processTestClass(TestWorker.java:109)
    	at sun.reflect.NativeMethodAccessorImpl.invoke0(Native Method)
    	at sun.reflect.NativeMethodAccessorImpl.invoke(NativeMethodAccessorImpl.java:62)
    	at sun.reflect.DelegatingMethodAccessorImpl.invoke(DelegatingMethodAccessorImpl.java:43)
    	at java.lang.reflect.Method.invoke(Method.java:498)
    	at org.gradle.internal.dispatch.ReflectionDispatch.dispatch(ReflectionDispatch.java:35)
    	at org.gradle.internal.dispatch.ReflectionDispatch.dispatch(ReflectionDispatch.java:24)
    	at org.gradle.internal.remote.internal.hub.MessageHubBackedObjectConnection$DispatchWrapper.dispatch(MessageHubBackedObjectConnection.java:147)
    	at org.gradle.internal.remote.internal.hub.MessageHubBackedObjectConnection$DispatchWrapper.dispatch(MessageHubBackedObjectConnection.java:129)
    	at org.gradle.internal.remote.internal.hub.MessageHub$Handler.run(MessageHub.java:404)
    	at org.gradle.internal.concurrent.ExecutorPolicy$CatchAndRecordFailures.onExecute(ExecutorPolicy.java:63)
    	at org.gradle.internal.concurrent.StoppableExecutorImpl$1.run(StoppableExecutorImpl.java:46)
    	at java.util.concurrent.ThreadPoolExecutor.runWorker(ThreadPoolExecutor.java:1142)
    	at java.util.concurrent.ThreadPoolExecutor$Worker.run(ThreadPoolExecutor.java:617)
    	at java.lang.Thread.run(Thread.java:745)
    Caused by: java.lang.reflect.InvocationTargetException
    	at sun.reflect.NativeConstructorAccessorImpl.newInstance0(Native Method)
    	at sun.reflect.NativeConstructorAccessorImpl.newInstance(NativeConstructorAccessorImpl.java:62)
    	at sun.reflect.DelegatingConstructorAccessorImpl.newInstance(DelegatingConstructorAccessorImpl.java:45)
    	at java.lang.reflect.Constructor.newInstance(Constructor.java:423)
    	at cucumber.runtime.java.DefaultJavaObjectFactory.cacheNewInstance(DefaultJavaObjectFactory.java:41)
    	... 55 more
    Caused by: java.lang.IllegalStateException: The path to the driver executable must be set by the webdriver.chrome.driver system property; for more information, see http://code.google.com/p/selenium/wiki/ChromeDriver. The latest version can be downloaded from http://chromedriver.storage.googleapis.com/index.html
    	at com.google.common.base.Preconditions.checkState(Preconditions.java:469)
    	at org.openqa.selenium.remote.service.DriverService.findExecutable(DriverService.java:105)
    	at org.openqa.selenium.chrome.ChromeDriverService.createDefaultService(ChromeDriverService.java:89)
    	at org.openqa.selenium.chrome.ChromeDriver.<init>(ChromeDriver.java:117)
    	at ohtu.Stepdefs.<init>(Stepdefs.java:14)
    	... 60 more

    cucumber.runtime.CucumberException: Failed to instantiate class ohtu.Stepdefs
    	at cucumber.runtime.java.DefaultJavaObjectFactory.cacheNewInstance(DefaultJavaObjectFactory.java:47)
    	at cucumber.runtime.java.DefaultJavaObjectFactory.getInstance(DefaultJavaObjectFactory.java:33)
    	at cucumber.runtime.java.JavaStepDefinition.execute(JavaStepDefinition.java:38)
    	at cucumber.runtime.StepDefinitionMatch.runStep(StepDefinitionMatch.java:37)
    	at cucumber.runtime.Runtime.runStep(Runtime.java:300)
    	at cucumber.runtime.model.StepContainer.runStep(StepContainer.java:44)
    	at cucumber.runtime.model.StepContainer.runSteps(StepContainer.java:39)
    	at cucumber.runtime.model.CucumberScenario.run(CucumberScenario.java:44)
    	at cucumber.runtime.junit.ExecutionUnitRunner.run(ExecutionUnitRunner.java:102)
    	at cucumber.runtime.junit.FeatureRunner.runChild(FeatureRunner.java:63)
    	at cucumber.runtime.junit.FeatureRunner.runChild(FeatureRunner.java:18)
    	at org.junit.runners.ParentRunner$3.run(ParentRunner.java:290)
    	at org.junit.runners.ParentRunner$1.schedule(ParentRunner.java:71)
    	at org.junit.runners.ParentRunner.runChildren(ParentRunner.java:288)
    	at org.junit.runners.ParentRunner.access$000(ParentRunner.java:58)
    	at org.junit.runners.ParentRunner$2.evaluate(ParentRunner.java:268)
    	at org.junit.runners.ParentRunner.run(ParentRunner.java:363)
    	at cucumber.runtime.junit.FeatureRunner.run(FeatureRunner.java:70)
    	at cucumber.api.junit.Cucumber.runChild(Cucumber.java:95)
    	at cucumber.api.junit.Cucumber.runChild(Cucumber.java:38)
    	at org.junit.runners.ParentRunner$3.run(ParentRunner.java:290)
    	at org.junit.runners.ParentRunner$1.schedule(ParentRunner.java:71)
    	at org.junit.runners.ParentRunner.runChildren(ParentRunner.java:288)
    	at org.junit.runners.ParentRunner.access$000(ParentRunner.java:58)
    	at org.junit.runners.ParentRunner$2.evaluate(ParentRunner.java:268)
    	at org.junit.rules.ExternalResource$1.evaluate(ExternalResource.java:48)
    	at org.junit.rules.RunRules.evaluate(RunRules.java:20)
    	at org.junit.runners.ParentRunner.run(ParentRunner.java:363)
    	at cucumber.api.junit.Cucumber.run(Cucumber.java:100)
    	at org.gradle.api.internal.tasks.testing.junit.JUnitTestClassExecuter.runTestClass(JUnitTestClassExecuter.java:114)
    	at org.gradle.api.internal.tasks.testing.junit.JUnitTestClassExecuter.execute(JUnitTestClassExecuter.java:57)
    	at org.gradle.api.internal.tasks.testing.junit.JUnitTestClassProcessor.processTestClass(JUnitTestClassProcessor.java:66)
    	at org.gradle.api.internal.tasks.testing.SuiteTestClassProcessor.processTestClass(SuiteTestClassProcessor.java:51)
    	at sun.reflect.NativeMethodAccessorImpl.invoke0(Native Method)
    	at sun.reflect.NativeMethodAccessorImpl.invoke(NativeMethodAccessorImpl.java:62)
    	at sun.reflect.DelegatingMethodAccessorImpl.invoke(DelegatingMethodAccessorImpl.java:43)
    	at java.lang.reflect.Method.invoke(Method.java:498)
    	at org.gradle.internal.dispatch.ReflectionDispatch.dispatch(ReflectionDispatch.java:35)
    	at org.gradle.internal.dispatch.ReflectionDispatch.dispatch(ReflectionDispatch.java:24)
    	at org.gradle.internal.dispatch.ContextClassLoaderDispatch.dispatch(ContextClassLoaderDispatch.java:32)
    	at org.gradle.internal.dispatch.ProxyDispatchAdapter$DispatchingInvocationHandler.invoke(ProxyDispatchAdapter.java:93)
    	at com.sun.proxy.$Proxy3.processTestClass(Unknown Source)
    	at org.gradle.api.internal.tasks.testing.worker.TestWorker.processTestClass(TestWorker.java:109)
    	at sun.reflect.NativeMethodAccessorImpl.invoke0(Native Method)
    	at sun.reflect.NativeMethodAccessorImpl.invoke(NativeMethodAccessorImpl.java:62)
    	at sun.reflect.DelegatingMethodAccessorImpl.invoke(DelegatingMethodAccessorImpl.java:43)
    	at java.lang.reflect.Method.invoke(Method.java:498)
    	at org.gradle.internal.dispatch.ReflectionDispatch.dispatch(ReflectionDispatch.java:35)
    	at org.gradle.internal.dispatch.ReflectionDispatch.dispatch(ReflectionDispatch.java:24)
    	at org.gradle.internal.remote.internal.hub.MessageHubBackedObjectConnection$DispatchWrapper.dispatch(MessageHubBackedObjectConnection.java:147)
    	at org.gradle.internal.remote.internal.hub.MessageHubBackedObjectConnection$DispatchWrapper.dispatch(MessageHubBackedObjectConnection.java:129)
    	at org.gradle.internal.remote.internal.hub.MessageHub$Handler.run(MessageHub.java:404)
    	at org.gradle.internal.concurrent.ExecutorPolicy$CatchAndRecordFailures.onExecute(ExecutorPolicy.java:63)
    	at org.gradle.internal.concurrent.StoppableExecutorImpl$1.run(StoppableExecutorImpl.java:46)
    	at java.util.concurrent.ThreadPoolExecutor.runWorker(ThreadPoolExecutor.java:1142)
    	at java.util.concurrent.ThreadPoolExecutor$Worker.run(ThreadPoolExecutor.java:617)
    	at java.lang.Thread.run(Thread.java:745)
    Caused by: java.lang.reflect.InvocationTargetException
    	at sun.reflect.NativeConstructorAccessorImpl.newInstance0(Native Method)
    	at sun.reflect.NativeConstructorAccessorImpl.newInstance(NativeConstructorAccessorImpl.java:62)
    	at sun.reflect.DelegatingConstructorAccessorImpl.newInstance(DelegatingConstructorAccessorImpl.java:45)
    	at java.lang.reflect.Constructor.newInstance(Constructor.java:423)
    	at cucumber.runtime.java.DefaultJavaObjectFactory.cacheNewInstance(DefaultJavaObjectFactory.java:41)
    	... 56 more
    Caused by: java.lang.IllegalStateException: The path to the driver executable must be set by the webdriver.chrome.driver system property; for more information, see http://code.google.com/p/selenium/wiki/ChromeDriver. The latest version can be downloaded from http://chromedriver.storage.googleapis.com/index.html
    	at com.google.common.base.Preconditions.checkState(Preconditions.java:469)
    	at org.openqa.selenium.remote.service.DriverService.findExecutable(DriverService.java:105)
    	at org.openqa.selenium.chrome.ChromeDriverService.createDefaultService(ChromeDriverService.java:89)
    	at org.openqa.selenium.chrome.ChromeDriver.<init>(ChromeDriver.java:117)
    	at ohtu.Stepdefs.<init>(Stepdefs.java:14)
    	... 61 more

    cucumber.runtime.CucumberException: Failed to instantiate class ohtu.Stepdefs
    	at cucumber.runtime.java.DefaultJavaObjectFactory.cacheNewInstance(DefaultJavaObjectFactory.java:47)
    	at cucumber.runtime.java.DefaultJavaObjectFactory.getInstance(DefaultJavaObjectFactory.java:33)
    	at cucumber.runtime.java.JavaHookDefinition.execute(JavaHookDefinition.java:60)
    	at cucumber.runtime.Runtime.runHookIfTagsMatch(Runtime.java:224)
    	at cucumber.runtime.Runtime.runHooks(Runtime.java:212)
    	at cucumber.runtime.Runtime.runAfterHooks(Runtime.java:206)
    	at cucumber.runtime.model.CucumberScenario.run(CucumberScenario.java:46)
    	at cucumber.runtime.junit.ExecutionUnitRunner.run(ExecutionUnitRunner.java:102)
    	at cucumber.runtime.junit.FeatureRunner.runChild(FeatureRunner.java:63)
    	at cucumber.runtime.junit.FeatureRunner.runChild(FeatureRunner.java:18)
    	at org.junit.runners.ParentRunner$3.run(ParentRunner.java:290)
    	at org.junit.runners.ParentRunner$1.schedule(ParentRunner.java:71)
    	at org.junit.runners.ParentRunner.runChildren(ParentRunner.java:288)
    	at org.junit.runners.ParentRunner.access$000(ParentRunner.java:58)
    	at org.junit.runners.ParentRunner$2.evaluate(ParentRunner.java:268)
    	at org.junit.runners.ParentRunner.run(ParentRunner.java:363)
    	at cucumber.runtime.junit.FeatureRunner.run(FeatureRunner.java:70)
    	at cucumber.api.junit.Cucumber.runChild(Cucumber.java:95)
    	at cucumber.api.junit.Cucumber.runChild(Cucumber.java:38)
    	at org.junit.runners.ParentRunner$3.run(ParentRunner.java:290)
    	at org.junit.runners.ParentRunner$1.schedule(ParentRunner.java:71)
    	at org.junit.runners.ParentRunner.runChildren(ParentRunner.java:288)
    	at org.junit.runners.ParentRunner.access$000(ParentRunner.java:58)
    	at org.junit.runners.ParentRunner$2.evaluate(ParentRunner.java:268)
    	at org.junit.rules.ExternalResource$1.evaluate(ExternalResource.java:48)
    	at org.junit.rules.RunRules.evaluate(RunRules.java:20)
    	at org.junit.runners.ParentRunner.run(ParentRunner.java:363)
    	at cucumber.api.junit.Cucumber.run(Cucumber.java:100)
    	at org.gradle.api.internal.tasks.testing.junit.JUnitTestClassExecuter.runTestClass(JUnitTestClassExecuter.java:114)
    	at org.gradle.api.internal.tasks.testing.junit.JUnitTestClassExecuter.execute(JUnitTestClassExecuter.java:57)
    	at org.gradle.api.internal.tasks.testing.junit.JUnitTestClassProcessor.processTestClass(JUnitTestClassProcessor.java:66)
    	at org.gradle.api.internal.tasks.testing.SuiteTestClassProcessor.processTestClass(SuiteTestClassProcessor.java:51)
    	at sun.reflect.NativeMethodAccessorImpl.invoke0(Native Method)
    	at sun.reflect.NativeMethodAccessorImpl.invoke(NativeMethodAccessorImpl.java:62)
    	at sun.reflect.DelegatingMethodAccessorImpl.invoke(DelegatingMethodAccessorImpl.java:43)
    	at java.lang.reflect.Method.invoke(Method.java:498)
    	at org.gradle.internal.dispatch.ReflectionDispatch.dispatch(ReflectionDispatch.java:35)
    	at org.gradle.internal.dispatch.ReflectionDispatch.dispatch(ReflectionDispatch.java:24)
    	at org.gradle.internal.dispatch.ContextClassLoaderDispatch.dispatch(ContextClassLoaderDispatch.java:32)
    	at org.gradle.internal.dispatch.ProxyDispatchAdapter$DispatchingInvocationHandler.invoke(ProxyDispatchAdapter.java:93)
    	at com.sun.proxy.$Proxy3.processTestClass(Unknown Source)
    	at org.gradle.api.internal.tasks.testing.worker.TestWorker.processTestClass(TestWorker.java:109)
    	at sun.reflect.NativeMethodAccessorImpl.invoke0(Native Method)
    	at sun.reflect.NativeMethodAccessorImpl.invoke(NativeMethodAccessorImpl.java:62)
    	at sun.reflect.DelegatingMethodAccessorImpl.invoke(DelegatingMethodAccessorImpl.java:43)
    	at java.lang.reflect.Method.invoke(Method.java:498)
    	at org.gradle.internal.dispatch.ReflectionDispatch.dispatch(ReflectionDispatch.java:35)
    	at org.gradle.internal.dispatch.ReflectionDispatch.dispatch(ReflectionDispatch.java:24)
    	at org.gradle.internal.remote.internal.hub.MessageHubBackedObjectConnection$DispatchWrapper.dispatch(MessageHubBackedObjectConnection.java:147)
    	at org.gradle.internal.remote.internal.hub.MessageHubBackedObjectConnection$DispatchWrapper.dispatch(MessageHubBackedObjectConnection.java:129)
    	at org.gradle.internal.remote.internal.hub.MessageHub$Handler.run(MessageHub.java:404)
    	at org.gradle.internal.concurrent.ExecutorPolicy$CatchAndRecordFailures.onExecute(ExecutorPolicy.java:63)
    	at org.gradle.internal.concurrent.StoppableExecutorImpl$1.run(StoppableExecutorImpl.java:46)
    	at java.util.concurrent.ThreadPoolExecutor.runWorker(ThreadPoolExecutor.java:1142)
    	at java.util.concurrent.ThreadPoolExecutor$Worker.run(ThreadPoolExecutor.java:617)
    	at java.lang.Thread.run(Thread.java:745)
    Caused by: java.lang.reflect.InvocationTargetException
    	at sun.reflect.NativeConstructorAccessorImpl.newInstance0(Native Method)
    	at sun.reflect.NativeConstructorAccessorImpl.newInstance(NativeConstructorAccessorImpl.java:62)
    	at sun.reflect.DelegatingConstructorAccessorImpl.newInstance(DelegatingConstructorAccessorImpl.java:45)
    	at java.lang.reflect.Constructor.newInstance(Constructor.java:423)
    	at cucumber.runtime.java.DefaultJavaObjectFactory.cacheNewInstance(DefaultJavaObjectFactory.java:41)
    	... 55 more
    Caused by: java.lang.IllegalStateException: The path to the driver executable must be set by the webdriver.chrome.driver system property; for more information, see http://code.google.com/p/selenium/wiki/ChromeDriver. The latest version can be downloaded from http://chromedriver.storage.googleapis.com/index.html
    	at com.google.common.base.Preconditions.checkState(Preconditions.java:469)
    	at org.openqa.selenium.remote.service.DriverService.findExecutable(DriverService.java:105)
    	at org.openqa.selenium.chrome.ChromeDriverService.createDefaultService(ChromeDriverService.java:89)
    	at org.openqa.selenium.chrome.ChromeDriver.<init>(ChromeDriver.java:117)
    	at ohtu.Stepdefs.<init>(Stepdefs.java:14)
    	... 60 more

:test FAILED
:buildDashboard UP-TO-DATE

BUILD FAILED

Total time: 7.178 secs
